#
# A fatal error has been detected by the Java Runtime Environment:
#
#  SIGSEGV (0xb) at pc=0x000000020ac3d2b8, pid=59730, tid=48927
#
# JRE version: OpenJDK Runtime Environment Temurin-17.0.10+7 (17.0.10+7) (build 17.0.10+7)
# Java VM: OpenJDK 64-Bit Server VM Temurin-17.0.10+7 (17.0.10+7, mixed mode, tiered, compressed oops, compressed class ptrs, g1 gc, bsd-aarch64)
# Problematic frame:
# C  [GLEngine+0x1f2b8]  gleDrawPixelsFast+0x1d50
#
# No core dump will be written. Core dumps have been disabled. To enable core dumping, try "ulimit -c unlimited" before starting Java again
#
# If you would like to submit a bug report, please visit:
#   https://github.com/adoptium/adoptium-support/issues
# The crash happened outside the Java Virtual Machine in native code.
# See problematic frame for where to report the bug.
#

---------------  S U M M A R Y ------------

Command Line: -Dfile.encoding=UTF-8 -Dstdout.encoding=UTF-8 -Dstderr.encoding=UTF-8 -XX:+ShowCodeDetailsInExceptionMessages Calendar.CalendarApp

Host: "MacBookAir10,1" arm64, 8 cores, 8G, Darwin 21.4.0, macOS 12.3.1 (21E258)
Time: Sun Jun  2 22:57:58 2024 KST elapsed time: 0.882033 seconds (0d 0h 0m 0s)

---------------  T H R E A D  ---------------

Current thread (0x00000001539af200):  JavaThread "Java2D Queue Flusher" daemon [_thread_in_native, id=48927, stack(0x000000016dc5c000,0x000000016de5f000)]

Stack: [0x000000016dc5c000,0x000000016de5f000],  sp=0x000000016de5df90,  free space=2055k
Native frames: (J=compiled Java code, j=interpreted, Vv=VM code, C=native code)
C  [GLEngine+0x1f2b8]  gleDrawPixelsFast+0x1d50
C  [GLEngine+0x1d4b4]  glDrawPixels_Exec+0x15c
C  [libawt_lwawt.dylib+0x75f7c]  OGLBlitSwToSurface+0x1c0
C  [libawt_lwawt.dylib+0x75c0c]  OGLBlitLoops_Blit+0x374
C  [libawt_lwawt.dylib+0x7add4]  Java_sun_java2d_opengl_OGLRenderQueue_flushBuffer+0x2ac
j  sun.java2d.opengl.OGLRenderQueue.flushBuffer(JI)V+0 java.desktop@17.0.10
j  sun.java2d.opengl.OGLRenderQueue.flushBuffer()V+21 java.desktop@17.0.10
j  sun.java2d.opengl.OGLRenderQueue$QueueFlusher.run()V+81 java.desktop@17.0.10
j  java.lang.Thread.run()V+11 java.base@17.0.10
v  ~StubRoutines::call_stub
V  [libjvm.dylib+0x45c234]  _ZN9JavaCalls11call_helperEP9JavaValueRK12methodHandleP17JavaCallArgumentsP10JavaThread+0x3d8
V  [libjvm.dylib+0x45b1b4]  _ZN9JavaCalls12call_virtualEP9JavaValueP5KlassP6SymbolS5_P17JavaCallArgumentsP10JavaThread+0x11c
V  [libjvm.dylib+0x45b280]  _ZN9JavaCalls12call_virtualEP9JavaValue6HandleP5KlassP6SymbolS6_P10JavaThread+0x64
V  [libjvm.dylib+0x513460]  _ZL12thread_entryP10JavaThreadS0_+0xc4
V  [libjvm.dylib+0x992f68]  _ZN10JavaThread17thread_main_innerEv+0x148
V  [libjvm.dylib+0x9915f0]  _ZN6Thread8call_runEv+0xcc
V  [libjvm.dylib+0x7a8ba4]  _ZL19thread_native_entryP6Thread+0x158
C  [libsystem_pthread.dylib+0x726c]  _pthread_start+0x94

Java frames: (J=compiled Java code, j=interpreted, Vv=VM code)
j  sun.java2d.opengl.OGLRenderQueue.flushBuffer(JI)V+0 java.desktop@17.0.10
j  sun.java2d.opengl.OGLRenderQueue.flushBuffer()V+21 java.desktop@17.0.10
j  sun.java2d.opengl.OGLRenderQueue$QueueFlusher.run()V+81 java.desktop@17.0.10
j  java.lang.Thread.run()V+11 java.base@17.0.10
v  ~StubRoutines::call_stub

siginfo: si_signo: 11 (SIGSEGV), si_code: 2 (SEGV_ACCERR), si_addr: 0x000000009c04d000

Registers:
 x0=0x00000001481d8000  x1=0x00000001481f8000  x2=0x00000004e641eca0  x3=0x00000000003fcf00
 x4=0x00000001481f2e40  x5=0x00000001481f2e48  x6=0x000060000162e9e0  x7=0x0000000000000000
 x8=0xfffffffe00049000  x9=0x000000029c004000 x10=0x0000000000007cfc x11=0x0000000000000010
x12=0x0000000000000006 x13=0x00000004e6103000 x14=0x0000000025e00000 x15=0x0000000237a04ca8
x16=0x00000001a95724e0 x17=0x000000012e15c340 x18=0x0000000000000000 x19=0x00000001481e1490
x20=0x00000004e641ecc0 x21=0x00000004e64fff00 x22=0x0000000000000020 x23=0x0000000000000006
x24=0x0000000000018de6 x25=0x0000000080012400 x26=0x0000000000000001 x27=0x0000000000000020
x28=0x00000001481d8000  fp=0x000000016de5e5a0  lr=0x000000020ac3d2d8  sp=0x000000016de5df90
pc=0x000000020ac3d2b8 cpsr=0x0000000080001000

Register to memory mapping:

 x0=0x00000001481d8000 points into unknown readable memory: 0x0000000000000000 | 00 00 00 00 00 00 00 00
 x1=0x00000001481f8000 points into unknown readable memory: 0x0000000000060001 | 01 00 06 00 00 00 00 00
 x2=0x00000004e641eca0 points into unknown readable memory: 0xc6cf8900c600a200 | 00 a2 00 c6 00 89 cf c6
 x3=0x00000000003fcf00 is an unknown value
 x4=0x00000001481f2e40 points into unknown readable memory: 0x0000000000003000 | 00 30 00 00 00 00 00 00
 x5=0x00000001481f2e48 points into unknown readable memory: 0x00000004e6103000 | 00 30 10 e6 04 00 00 00
 x6=0x000060000162e9e0 points into unknown readable memory: 0x0000000000000000 | 00 00 00 00 00 00 00 00
 x7=0x0 is NULL
 x8=0xfffffffe00049000 is an unknown value
 x9=0x000000029c004000 points into unknown readable memory: 0x0000000000000000 | 00 00 00 00 00 00 00 00
x10=0x0000000000007cfc is an unknown value
x11=0x0000000000000010 is an unknown value
x12=0x0000000000000006 is an unknown value
x13=0x00000004e6103000 points into unknown readable memory: 0xc615d200c600b600 | 00 b6 00 c6 00 d2 15 c6
x14=0x0000000025e00000 is an unknown value
x15=0x0000000237a04ca8: <offset 0x2cb77ca8> in /System/Library/Extensions/AGXMetal13_3.bundle/Contents/MacOS/AGXMetal13_3 at 0x000000020ae8d000
x16=0x00000001a95724e0: os_unfair_lock_unlock+0 in /usr/lib/system/libsystem_platform.dylib at 0x00000001a9571000
x17=0x000000012e15c340: <offset 0x6c340> in /System/Library/Extensions/AppleMetalOpenGLRenderer.bundle/Contents/MacOS/AppleMetalOpenGLRenderer at 0x000000012e0f0000
x18=0x0 is NULL
x19=0x00000001481e1490 points into unknown readable memory: 0x0000000000000000 | 00 00 00 00 00 00 00 00
x20=0x00000004e641ecc0 points into unknown readable memory: 0x0000000000000000 | 00 00 00 00 00 00 00 00
x21=0x00000004e64fff00 points into unknown readable memory: 0x0000000000000000 | 00 00 00 00 00 00 00 00
x22=0x0000000000000020 is an unknown value
x23=0x0000000000000006 is an unknown value
x24=0x0000000000018de6 is an unknown value
x25=0x0000000080012400 is an unknown value
x26=0x0000000000000001 is an unknown value
x27=0x0000000000000020 is an unknown value
x28=0x00000001481d8000 points into unknown readable memory: 0x0000000000000000 | 00 00 00 00 00 00 00 00


Top of Stack: (sp=0x000000016de5df90)
0x000000016de5df90:   0004b0000000000a 000000029c004000
0x000000016de5dfa0:   000000e300000001 000000016de5df70
0x000000016de5dfb0:   00000001f38dac9b 00000001f363f5a6
0x000000016de5dfc0:   3f8000003f800000 3f8000003f800000
0x000000016de5dfd0:   0000000000000006 c600ba00c600b600
0x000000016de5dfe0:   40c0000040c00000 0000000000000004
0x000000016de5dff0:   0000000136c45678 c600b60000000000
0x000000016de5e000:   00000000fd7fffff 00000001481d85fc
0x000000016de5e010:   00000001481f804c 0000000c00000000
0x000000016de5e020:   0000000040c00000 0000000000000008
0x000000016de5e030:   c600a200c2000000 c600b80000000080
0x000000016de5e040:   c600b60000000000 00000001c600a000
0x000000016de5e050:   0000000000007cfc 0000000200012c00
0x000000016de5e060:   000000c000000001 0000881400000000
0x000000016de5e070:   0000000000000003 0000004000000000
0x000000016de5e080:   0000000300000003 0000000100000001
0x000000016de5e090:   0000000a00000004 0000000000000016
0x000000016de5e0a0:   0000000000000006 00000006541c8c30
0x000000016de5e0b0:   0000000000000000 0000000000000000
0x000000016de5e0c0:   0000000c00000000 0000000100000000
0x000000016de5e0d0:   0000000000006d3b 0000000180012400
0x000000016de5e0e0:   000000046de5e1b0 0000000000000010
0x000000016de5e0f0:   0000000787b84e18 00000003c600b600
0x000000016de5e100:   00000001481dd7a0 0000140600000001
0x000000016de5e110:   000000e300001908 0000000136c452e0
0x000000016de5e120:   0000836700000001 00000001481e4698
0x000000016de5e130:   00000006541c8c00 0000000000000000
0x000000016de5e140:   00000001481dc552 00000001481f8044
0x000000016de5e150:   00000000bf800000 000080e100000000
0x000000016de5e160:   00000001481f80b4 00000001481f80b0
0x000000016de5e170:   00000001481f8090 00000001481f80e0
0x000000016de5e180:   00000000f361fb05 00000001481f8080 

Instructions: (pc=0x000000020ac3d2b8)
0x000000020ac3d1b8:   21 db 48 bd 00 08 21 1e e8 03 41 f9 00 01 00 bd
0x000000020ac3d1c8:   ff 06 00 71 6b 64 00 54 09 00 80 52 08 00 80 d2
0x000000020ac3d1d8:   18 00 80 52 14 00 80 d2 f6 03 1b 2a ca 75 1e 53
0x000000020ac3d1e8:   ea cb 00 b9 35 00 80 52 ea 03 17 2a ea 63 00 f9
0x000000020ac3d1f8:   ea 03 0c 2a ea 23 00 f9 e8 a3 00 f9 e8 17 41 f9
0x000000020ac3d208:   00 71 41 bc e0 09 20 1e 01 b1 41 bc 00 28 21 1e
0x000000020ac3d218:   e8 df 40 f9 00 01 00 bd 9f 05 00 71 e9 4b 01 b9
0x000000020ac3d228:   4b 06 00 54 f7 23 40 f9 f9 03 09 aa ee 6b 41 bd
0x000000020ac3d238:   9f 02 15 eb 60 00 00 54 b8 02 00 35 08 00 00 14
0x000000020ac3d248:   e9 0b 41 f9 28 f1 40 f9 20 91 40 f9 01 00 80 52
0x000000020ac3d258:   02 00 80 52 e3 03 18 aa 1f 09 3f d6 bf 03 13 b8
0x000000020ac3d268:   e9 0b 41 f9 28 ed 40 f9 20 91 40 f9 a2 43 03 d1
0x000000020ac3d278:   01 00 80 52 1f 09 3f d6 f4 03 00 aa 18 00 80 52
0x000000020ac3d288:   a8 03 53 b8 08 7d 1b 1b 15 00 08 8b e8 17 41 f9
0x000000020ac3d298:   00 f1 40 bc c0 09 20 1e 01 31 41 bc 00 28 21 1e
0x000000020ac3d2a8:   e8 13 41 f9 00 01 00 bd 28 7f 7e 93 e9 0f 41 f9
0x000000020ac3d2b8:   20 69 e8 3c e8 ff 40 f9 00 01 80 3d 68 aa 47 f9
0x000000020ac3d2c8:   e0 03 1c aa e1 07 41 f9 e2 03 14 aa 1f 09 3f d6
0x000000020ac3d2d8:   94 02 16 8b 18 07 00 11 ae 29 2e 1e 39 13 00 11
0x000000020ac3d2e8:   f7 06 00 f1 61 fa ff 54 e0 c3 41 bd 0f 28 2f 1e
0x000000020ac3d2f8:   e8 a3 40 f9 08 05 00 91 e9 4b 41 b9 ea cb 40 b9
0x000000020ac3d308:   29 01 0a 0b ea 63 40 f9 1f 01 0a eb ec a7 41 b9
0x000000020ac3d318:   41 f7 ff 54 d0 02 00 14 e8 db 40 b9 54 03 08 0b
0x000000020ac3d328:   54 00 00 14 01 e4 00 2f 91 fe ff 17 e8 17 41 f9
0x000000020ac3d338:   02 31 42 bc 42 d8 21 5e e2 2b 01 bd 02 71 42 bc
0x000000020ac3d348:   42 d8 21 5e e2 2f 01 bd 02 b1 42 bc 42 d8 21 5e
0x000000020ac3d358:   e2 23 01 bd 02 f1 42 bc 42 d8 21 5e e2 27 01 bd
0x000000020ac3d368:   28 00 80 52 e8 e7 00 b9 82 02 22 1e 23 38 22 1e
0x000000020ac3d378:   02 28 22 1e 9f 03 1b 72 03 0c 23 1e 42 0c 21 1e
0x000000020ac3d388:   28 00 80 52 e8 a7 01 b9 e4 2f 41 bd a0 20 24 1e
0x000000020ac3d398:   e5 bb ff 54 e4 2b 41 bd e5 a7 40 bd a0 20 24 1e
0x000000020ac3d3a8:   6d bb ff 54 e4 27 41 bd 60 20 24 1e e4 23 41 bd 


Stack slot to memory mapping:
stack at sp + 0 slots: 0x0004b0000000000a is an unknown value
stack at sp + 1 slots: 0x000000029c004000 points into unknown readable memory: 0x0000000000000000 | 00 00 00 00 00 00 00 00
stack at sp + 2 slots: 0x000000e300000001 is an unknown value
stack at sp + 3 slots: 0x000000016de5df70 is pointing into the stack for thread: 0x00000001539af200
stack at sp + 4 slots: 0x00000001f38dac9b: <offset 0x4a4fdc9b> in /usr/lib/libobjc.A.dylib at 0x00000001a93dd000
stack at sp + 5 slots: 0x00000001f363f5a6: <offset 0x4a2625a6> in /usr/lib/libobjc.A.dylib at 0x00000001a93dd000
stack at sp + 6 slots: 0x3f8000003f800000 is an unknown value
stack at sp + 7 slots: 0x3f8000003f800000 is an unknown value


---------------  P R O C E S S  ---------------

Threads class SMR info:
_java_thread_list=0x00006000016cd160, length=16, elements={
0x0000000154008200, 0x0000000153809e00, 0x0000000153808c00, 0x0000000154008800,
0x000000015400b800, 0x0000000154016e00, 0x000000015380e800, 0x0000000132008200,
0x0000000154009e00, 0x0000000154009600, 0x0000000154015000, 0x0000000153988800,
0x00000001539af200, 0x00000001528f6200, 0x00000001528c9000, 0x0000000152084600
}

Java Threads: ( => current thread )
  0x0000000154008200 JavaThread "Reference Handler" daemon [_thread_blocked, id=15107, stack(0x000000016c084000,0x000000016c287000)]
  0x0000000153809e00 JavaThread "Finalizer" daemon [_thread_blocked, id=16387, stack(0x000000016c290000,0x000000016c493000)]
  0x0000000153808c00 JavaThread "Signal Dispatcher" daemon [_thread_blocked, id=22531, stack(0x000000016c5b4000,0x000000016c7b7000)]
  0x0000000154008800 JavaThread "Service Thread" daemon [_thread_blocked, id=41987, stack(0x000000016c7c0000,0x000000016c9c3000)]
  0x000000015400b800 JavaThread "Monitor Deflation Thread" daemon [_thread_blocked, id=41475, stack(0x000000016c9cc000,0x000000016cbcf000)]
  0x0000000154016e00 JavaThread "C2 CompilerThread0" daemon [_thread_blocked, id=23299, stack(0x000000016cbd8000,0x000000016cddb000)]
  0x000000015380e800 JavaThread "C1 CompilerThread0" daemon [_thread_blocked, id=41219, stack(0x000000016cde4000,0x000000016cfe7000)]
  0x0000000132008200 JavaThread "Sweeper thread" daemon [_thread_blocked, id=40963, stack(0x000000016cff0000,0x000000016d1f3000)]
  0x0000000154009e00 JavaThread "Notification Thread" daemon [_thread_blocked, id=24323, stack(0x000000016d1fc000,0x000000016d3ff000)]
  0x0000000154009600 JavaThread "Common-Cleaner" daemon [_thread_blocked, id=40195, stack(0x000000016d614000,0x000000016d817000)]
  0x0000000154015000 JavaThread "AppKit Thread" daemon [_thread_in_native, id=259, stack(0x000000016a9a8000,0x000000016b1a4000)]
  0x0000000153988800 JavaThread "AWT-Shutdown" [_thread_blocked, id=33287, stack(0x000000016d820000,0x000000016da23000)]
=>0x00000001539af200 JavaThread "Java2D Queue Flusher" daemon [_thread_in_native, id=48927, stack(0x000000016dc5c000,0x000000016de5f000)]
  0x00000001528f6200 JavaThread "Java2D Disposer" daemon [_thread_blocked, id=56835, stack(0x000000016de68000,0x000000016e06b000)]
  0x00000001528c9000 JavaThread "AWT-EventQueue-0" [_thread_blocked, id=57351, stack(0x000000016e074000,0x000000016e277000)]
  0x0000000152084600 JavaThread "DestroyJavaVM" [_thread_blocked, id=5891, stack(0x000000016b230000,0x000000016b433000)]

Other Threads:
  0x0000000151f0cf40 VMThread "VM Thread" [stack: 0x000000016be78000,0x000000016c07b000] [id=16899]
  0x000000015310b1c0 WatcherThread [stack: 0x000000016d408000,0x000000016d60b000] [id=40451]
  0x0000000151f06f30 GCTaskThread "GC Thread#0" [stack: 0x000000016b43c000,0x000000016b63f000] [id=19971]
  0x0000000151e050c0 ConcurrentGCThread "G1 Main Marker" [stack: 0x000000016b648000,0x000000016b84b000] [id=19459]
  0x0000000151e05950 ConcurrentGCThread "G1 Conc#0" [stack: 0x000000016b854000,0x000000016ba57000] [id=12547]
  0x0000000151f08af0 ConcurrentGCThread "G1 Refine#0" [stack: 0x000000016ba60000,0x000000016bc63000] [id=13059]
  0x0000000151f09390 ConcurrentGCThread "G1 Service" [stack: 0x000000016bc6c000,0x000000016be6f000] [id=13571]

Threads with active compile tasks:

VM state: not at safepoint (normal execution)

VM Mutex/Monitor currently owned by a thread: None

Heap address: 0x0000000780000000, size: 2048 MB, Compressed Oops mode: Zero based, Oop shift amount: 3

CDS archive(s) not mapped
Compressed class space mapped at: 0x0000000800000000-0x0000000840000000, reserved size: 1073741824
Narrow klass base: 0x0000000800000000, Narrow klass shift: 0, Narrow klass range: 0x40000000

GC Precious Log:
 CPUs: 8 total, 8 available
 Memory: 8192M
 Large Page Support: Disabled
 NUMA Support: Disabled
 Compressed Oops: Enabled (Zero based)
 Heap Region Size: 1M
 Heap Min Capacity: 8M
 Heap Initial Capacity: 128M
 Heap Max Capacity: 2G
 Pre-touch: Disabled
 Parallel Workers: 8
 Concurrent Workers: 2
 Concurrent Refinement Workers: 8
 Periodic GC: Disabled

Heap:
 garbage-first heap   total 131072K, used 6144K [0x0000000780000000, 0x0000000800000000)
  region size 1024K, 7 young (7168K), 0 survivors (0K)
 Metaspace       used 15127K, committed 15360K, reserved 1114112K
  class space    used 1651K, committed 1792K, reserved 1048576K

Heap Regions: E=young(eden), S=young(survivor), O=old, HS=humongous(starts), HC=humongous(continues), CS=collection set, F=free, OA=open archive, CA=closed archive, TAMS=top-at-mark-start (previous, next)
|   0|0x0000000780000000, 0x0000000780000000, 0x0000000780100000|  0%| F|  |TAMS 0x0000000780000000, 0x0000000780000000| Untracked 
|   1|0x0000000780100000, 0x0000000780100000, 0x0000000780200000|  0%| F|  |TAMS 0x0000000780100000, 0x0000000780100000| Untracked 
|   2|0x0000000780200000, 0x0000000780200000, 0x0000000780300000|  0%| F|  |TAMS 0x0000000780200000, 0x0000000780200000| Untracked 
|   3|0x0000000780300000, 0x0000000780300000, 0x0000000780400000|  0%| F|  |TAMS 0x0000000780300000, 0x0000000780300000| Untracked 
|   4|0x0000000780400000, 0x0000000780400000, 0x0000000780500000|  0%| F|  |TAMS 0x0000000780400000, 0x0000000780400000| Untracked 
|   5|0x0000000780500000, 0x0000000780500000, 0x0000000780600000|  0%| F|  |TAMS 0x0000000780500000, 0x0000000780500000| Untracked 
|   6|0x0000000780600000, 0x0000000780600000, 0x0000000780700000|  0%| F|  |TAMS 0x0000000780600000, 0x0000000780600000| Untracked 
|   7|0x0000000780700000, 0x0000000780700000, 0x0000000780800000|  0%| F|  |TAMS 0x0000000780700000, 0x0000000780700000| Untracked 
|   8|0x0000000780800000, 0x0000000780800000, 0x0000000780900000|  0%| F|  |TAMS 0x0000000780800000, 0x0000000780800000| Untracked 
|   9|0x0000000780900000, 0x0000000780900000, 0x0000000780a00000|  0%| F|  |TAMS 0x0000000780900000, 0x0000000780900000| Untracked 
|  10|0x0000000780a00000, 0x0000000780a00000, 0x0000000780b00000|  0%| F|  |TAMS 0x0000000780a00000, 0x0000000780a00000| Untracked 
|  11|0x0000000780b00000, 0x0000000780b00000, 0x0000000780c00000|  0%| F|  |TAMS 0x0000000780b00000, 0x0000000780b00000| Untracked 
|  12|0x0000000780c00000, 0x0000000780c00000, 0x0000000780d00000|  0%| F|  |TAMS 0x0000000780c00000, 0x0000000780c00000| Untracked 
|  13|0x0000000780d00000, 0x0000000780d00000, 0x0000000780e00000|  0%| F|  |TAMS 0x0000000780d00000, 0x0000000780d00000| Untracked 
|  14|0x0000000780e00000, 0x0000000780e00000, 0x0000000780f00000|  0%| F|  |TAMS 0x0000000780e00000, 0x0000000780e00000| Untracked 
|  15|0x0000000780f00000, 0x0000000780f00000, 0x0000000781000000|  0%| F|  |TAMS 0x0000000780f00000, 0x0000000780f00000| Untracked 
|  16|0x0000000781000000, 0x0000000781000000, 0x0000000781100000|  0%| F|  |TAMS 0x0000000781000000, 0x0000000781000000| Untracked 
|  17|0x0000000781100000, 0x0000000781100000, 0x0000000781200000|  0%| F|  |TAMS 0x0000000781100000, 0x0000000781100000| Untracked 
|  18|0x0000000781200000, 0x0000000781200000, 0x0000000781300000|  0%| F|  |TAMS 0x0000000781200000, 0x0000000781200000| Untracked 
|  19|0x0000000781300000, 0x0000000781300000, 0x0000000781400000|  0%| F|  |TAMS 0x0000000781300000, 0x0000000781300000| Untracked 
|  20|0x0000000781400000, 0x0000000781400000, 0x0000000781500000|  0%| F|  |TAMS 0x0000000781400000, 0x0000000781400000| Untracked 
|  21|0x0000000781500000, 0x0000000781500000, 0x0000000781600000|  0%| F|  |TAMS 0x0000000781500000, 0x0000000781500000| Untracked 
|  22|0x0000000781600000, 0x0000000781600000, 0x0000000781700000|  0%| F|  |TAMS 0x0000000781600000, 0x0000000781600000| Untracked 
|  23|0x0000000781700000, 0x0000000781700000, 0x0000000781800000|  0%| F|  |TAMS 0x0000000781700000, 0x0000000781700000| Untracked 
|  24|0x0000000781800000, 0x0000000781800000, 0x0000000781900000|  0%| F|  |TAMS 0x0000000781800000, 0x0000000781800000| Untracked 
|  25|0x0000000781900000, 0x0000000781900000, 0x0000000781a00000|  0%| F|  |TAMS 0x0000000781900000, 0x0000000781900000| Untracked 
|  26|0x0000000781a00000, 0x0000000781a00000, 0x0000000781b00000|  0%| F|  |TAMS 0x0000000781a00000, 0x0000000781a00000| Untracked 
|  27|0x0000000781b00000, 0x0000000781b00000, 0x0000000781c00000|  0%| F|  |TAMS 0x0000000781b00000, 0x0000000781b00000| Untracked 
|  28|0x0000000781c00000, 0x0000000781c00000, 0x0000000781d00000|  0%| F|  |TAMS 0x0000000781c00000, 0x0000000781c00000| Untracked 
|  29|0x0000000781d00000, 0x0000000781d00000, 0x0000000781e00000|  0%| F|  |TAMS 0x0000000781d00000, 0x0000000781d00000| Untracked 
|  30|0x0000000781e00000, 0x0000000781e00000, 0x0000000781f00000|  0%| F|  |TAMS 0x0000000781e00000, 0x0000000781e00000| Untracked 
|  31|0x0000000781f00000, 0x0000000781f00000, 0x0000000782000000|  0%| F|  |TAMS 0x0000000781f00000, 0x0000000781f00000| Untracked 
|  32|0x0000000782000000, 0x0000000782000000, 0x0000000782100000|  0%| F|  |TAMS 0x0000000782000000, 0x0000000782000000| Untracked 
|  33|0x0000000782100000, 0x0000000782100000, 0x0000000782200000|  0%| F|  |TAMS 0x0000000782100000, 0x0000000782100000| Untracked 
|  34|0x0000000782200000, 0x0000000782200000, 0x0000000782300000|  0%| F|  |TAMS 0x0000000782200000, 0x0000000782200000| Untracked 
|  35|0x0000000782300000, 0x0000000782300000, 0x0000000782400000|  0%| F|  |TAMS 0x0000000782300000, 0x0000000782300000| Untracked 
|  36|0x0000000782400000, 0x0000000782400000, 0x0000000782500000|  0%| F|  |TAMS 0x0000000782400000, 0x0000000782400000| Untracked 
|  37|0x0000000782500000, 0x0000000782500000, 0x0000000782600000|  0%| F|  |TAMS 0x0000000782500000, 0x0000000782500000| Untracked 
|  38|0x0000000782600000, 0x0000000782600000, 0x0000000782700000|  0%| F|  |TAMS 0x0000000782600000, 0x0000000782600000| Untracked 
|  39|0x0000000782700000, 0x0000000782700000, 0x0000000782800000|  0%| F|  |TAMS 0x0000000782700000, 0x0000000782700000| Untracked 
|  40|0x0000000782800000, 0x0000000782800000, 0x0000000782900000|  0%| F|  |TAMS 0x0000000782800000, 0x0000000782800000| Untracked 
|  41|0x0000000782900000, 0x0000000782900000, 0x0000000782a00000|  0%| F|  |TAMS 0x0000000782900000, 0x0000000782900000| Untracked 
|  42|0x0000000782a00000, 0x0000000782a00000, 0x0000000782b00000|  0%| F|  |TAMS 0x0000000782a00000, 0x0000000782a00000| Untracked 
|  43|0x0000000782b00000, 0x0000000782b00000, 0x0000000782c00000|  0%| F|  |TAMS 0x0000000782b00000, 0x0000000782b00000| Untracked 
|  44|0x0000000782c00000, 0x0000000782c00000, 0x0000000782d00000|  0%| F|  |TAMS 0x0000000782c00000, 0x0000000782c00000| Untracked 
|  45|0x0000000782d00000, 0x0000000782d00000, 0x0000000782e00000|  0%| F|  |TAMS 0x0000000782d00000, 0x0000000782d00000| Untracked 
|  46|0x0000000782e00000, 0x0000000782e00000, 0x0000000782f00000|  0%| F|  |TAMS 0x0000000782e00000, 0x0000000782e00000| Untracked 
|  47|0x0000000782f00000, 0x0000000782f00000, 0x0000000783000000|  0%| F|  |TAMS 0x0000000782f00000, 0x0000000782f00000| Untracked 
|  48|0x0000000783000000, 0x0000000783000000, 0x0000000783100000|  0%| F|  |TAMS 0x0000000783000000, 0x0000000783000000| Untracked 
|  49|0x0000000783100000, 0x0000000783100000, 0x0000000783200000|  0%| F|  |TAMS 0x0000000783100000, 0x0000000783100000| Untracked 
|  50|0x0000000783200000, 0x0000000783200000, 0x0000000783300000|  0%| F|  |TAMS 0x0000000783200000, 0x0000000783200000| Untracked 
|  51|0x0000000783300000, 0x0000000783300000, 0x0000000783400000|  0%| F|  |TAMS 0x0000000783300000, 0x0000000783300000| Untracked 
|  52|0x0000000783400000, 0x0000000783400000, 0x0000000783500000|  0%| F|  |TAMS 0x0000000783400000, 0x0000000783400000| Untracked 
|  53|0x0000000783500000, 0x0000000783500000, 0x0000000783600000|  0%| F|  |TAMS 0x0000000783500000, 0x0000000783500000| Untracked 
|  54|0x0000000783600000, 0x0000000783600000, 0x0000000783700000|  0%| F|  |TAMS 0x0000000783600000, 0x0000000783600000| Untracked 
|  55|0x0000000783700000, 0x0000000783700000, 0x0000000783800000|  0%| F|  |TAMS 0x0000000783700000, 0x0000000783700000| Untracked 
|  56|0x0000000783800000, 0x0000000783800000, 0x0000000783900000|  0%| F|  |TAMS 0x0000000783800000, 0x0000000783800000| Untracked 
|  57|0x0000000783900000, 0x0000000783900000, 0x0000000783a00000|  0%| F|  |TAMS 0x0000000783900000, 0x0000000783900000| Untracked 
|  58|0x0000000783a00000, 0x0000000783a00000, 0x0000000783b00000|  0%| F|  |TAMS 0x0000000783a00000, 0x0000000783a00000| Untracked 
|  59|0x0000000783b00000, 0x0000000783b00000, 0x0000000783c00000|  0%| F|  |TAMS 0x0000000783b00000, 0x0000000783b00000| Untracked 
|  60|0x0000000783c00000, 0x0000000783c00000, 0x0000000783d00000|  0%| F|  |TAMS 0x0000000783c00000, 0x0000000783c00000| Untracked 
|  61|0x0000000783d00000, 0x0000000783d00000, 0x0000000783e00000|  0%| F|  |TAMS 0x0000000783d00000, 0x0000000783d00000| Untracked 
|  62|0x0000000783e00000, 0x0000000783e00000, 0x0000000783f00000|  0%| F|  |TAMS 0x0000000783e00000, 0x0000000783e00000| Untracked 
|  63|0x0000000783f00000, 0x0000000783f00000, 0x0000000784000000|  0%| F|  |TAMS 0x0000000783f00000, 0x0000000783f00000| Untracked 
|  64|0x0000000784000000, 0x0000000784000000, 0x0000000784100000|  0%| F|  |TAMS 0x0000000784000000, 0x0000000784000000| Untracked 
|  65|0x0000000784100000, 0x0000000784100000, 0x0000000784200000|  0%| F|  |TAMS 0x0000000784100000, 0x0000000784100000| Untracked 
|  66|0x0000000784200000, 0x0000000784200000, 0x0000000784300000|  0%| F|  |TAMS 0x0000000784200000, 0x0000000784200000| Untracked 
|  67|0x0000000784300000, 0x0000000784300000, 0x0000000784400000|  0%| F|  |TAMS 0x0000000784300000, 0x0000000784300000| Untracked 
|  68|0x0000000784400000, 0x0000000784400000, 0x0000000784500000|  0%| F|  |TAMS 0x0000000784400000, 0x0000000784400000| Untracked 
|  69|0x0000000784500000, 0x0000000784500000, 0x0000000784600000|  0%| F|  |TAMS 0x0000000784500000, 0x0000000784500000| Untracked 
|  70|0x0000000784600000, 0x0000000784600000, 0x0000000784700000|  0%| F|  |TAMS 0x0000000784600000, 0x0000000784600000| Untracked 
|  71|0x0000000784700000, 0x0000000784700000, 0x0000000784800000|  0%| F|  |TAMS 0x0000000784700000, 0x0000000784700000| Untracked 
|  72|0x0000000784800000, 0x0000000784800000, 0x0000000784900000|  0%| F|  |TAMS 0x0000000784800000, 0x0000000784800000| Untracked 
|  73|0x0000000784900000, 0x0000000784900000, 0x0000000784a00000|  0%| F|  |TAMS 0x0000000784900000, 0x0000000784900000| Untracked 
|  74|0x0000000784a00000, 0x0000000784a00000, 0x0000000784b00000|  0%| F|  |TAMS 0x0000000784a00000, 0x0000000784a00000| Untracked 
|  75|0x0000000784b00000, 0x0000000784b00000, 0x0000000784c00000|  0%| F|  |TAMS 0x0000000784b00000, 0x0000000784b00000| Untracked 
|  76|0x0000000784c00000, 0x0000000784c00000, 0x0000000784d00000|  0%| F|  |TAMS 0x0000000784c00000, 0x0000000784c00000| Untracked 
|  77|0x0000000784d00000, 0x0000000784d00000, 0x0000000784e00000|  0%| F|  |TAMS 0x0000000784d00000, 0x0000000784d00000| Untracked 
|  78|0x0000000784e00000, 0x0000000784e00000, 0x0000000784f00000|  0%| F|  |TAMS 0x0000000784e00000, 0x0000000784e00000| Untracked 
|  79|0x0000000784f00000, 0x0000000784f00000, 0x0000000785000000|  0%| F|  |TAMS 0x0000000784f00000, 0x0000000784f00000| Untracked 
|  80|0x0000000785000000, 0x0000000785000000, 0x0000000785100000|  0%| F|  |TAMS 0x0000000785000000, 0x0000000785000000| Untracked 
|  81|0x0000000785100000, 0x0000000785100000, 0x0000000785200000|  0%| F|  |TAMS 0x0000000785100000, 0x0000000785100000| Untracked 
|  82|0x0000000785200000, 0x0000000785200000, 0x0000000785300000|  0%| F|  |TAMS 0x0000000785200000, 0x0000000785200000| Untracked 
|  83|0x0000000785300000, 0x0000000785300000, 0x0000000785400000|  0%| F|  |TAMS 0x0000000785300000, 0x0000000785300000| Untracked 
|  84|0x0000000785400000, 0x0000000785400000, 0x0000000785500000|  0%| F|  |TAMS 0x0000000785400000, 0x0000000785400000| Untracked 
|  85|0x0000000785500000, 0x0000000785500000, 0x0000000785600000|  0%| F|  |TAMS 0x0000000785500000, 0x0000000785500000| Untracked 
|  86|0x0000000785600000, 0x0000000785600000, 0x0000000785700000|  0%| F|  |TAMS 0x0000000785600000, 0x0000000785600000| Untracked 
|  87|0x0000000785700000, 0x0000000785700000, 0x0000000785800000|  0%| F|  |TAMS 0x0000000785700000, 0x0000000785700000| Untracked 
|  88|0x0000000785800000, 0x0000000785800000, 0x0000000785900000|  0%| F|  |TAMS 0x0000000785800000, 0x0000000785800000| Untracked 
|  89|0x0000000785900000, 0x0000000785900000, 0x0000000785a00000|  0%| F|  |TAMS 0x0000000785900000, 0x0000000785900000| Untracked 
|  90|0x0000000785a00000, 0x0000000785a00000, 0x0000000785b00000|  0%| F|  |TAMS 0x0000000785a00000, 0x0000000785a00000| Untracked 
|  91|0x0000000785b00000, 0x0000000785b00000, 0x0000000785c00000|  0%| F|  |TAMS 0x0000000785b00000, 0x0000000785b00000| Untracked 
|  92|0x0000000785c00000, 0x0000000785c00000, 0x0000000785d00000|  0%| F|  |TAMS 0x0000000785c00000, 0x0000000785c00000| Untracked 
|  93|0x0000000785d00000, 0x0000000785d00000, 0x0000000785e00000|  0%| F|  |TAMS 0x0000000785d00000, 0x0000000785d00000| Untracked 
|  94|0x0000000785e00000, 0x0000000785e00000, 0x0000000785f00000|  0%| F|  |TAMS 0x0000000785e00000, 0x0000000785e00000| Untracked 
|  95|0x0000000785f00000, 0x0000000785f00000, 0x0000000786000000|  0%| F|  |TAMS 0x0000000785f00000, 0x0000000785f00000| Untracked 
|  96|0x0000000786000000, 0x0000000786000000, 0x0000000786100000|  0%| F|  |TAMS 0x0000000786000000, 0x0000000786000000| Untracked 
|  97|0x0000000786100000, 0x0000000786100000, 0x0000000786200000|  0%| F|  |TAMS 0x0000000786100000, 0x0000000786100000| Untracked 
|  98|0x0000000786200000, 0x0000000786200000, 0x0000000786300000|  0%| F|  |TAMS 0x0000000786200000, 0x0000000786200000| Untracked 
|  99|0x0000000786300000, 0x0000000786300000, 0x0000000786400000|  0%| F|  |TAMS 0x0000000786300000, 0x0000000786300000| Untracked 
| 100|0x0000000786400000, 0x0000000786400000, 0x0000000786500000|  0%| F|  |TAMS 0x0000000786400000, 0x0000000786400000| Untracked 
| 101|0x0000000786500000, 0x0000000786500000, 0x0000000786600000|  0%| F|  |TAMS 0x0000000786500000, 0x0000000786500000| Untracked 
| 102|0x0000000786600000, 0x0000000786600000, 0x0000000786700000|  0%| F|  |TAMS 0x0000000786600000, 0x0000000786600000| Untracked 
| 103|0x0000000786700000, 0x0000000786700000, 0x0000000786800000|  0%| F|  |TAMS 0x0000000786700000, 0x0000000786700000| Untracked 
| 104|0x0000000786800000, 0x0000000786800000, 0x0000000786900000|  0%| F|  |TAMS 0x0000000786800000, 0x0000000786800000| Untracked 
| 105|0x0000000786900000, 0x0000000786900000, 0x0000000786a00000|  0%| F|  |TAMS 0x0000000786900000, 0x0000000786900000| Untracked 
| 106|0x0000000786a00000, 0x0000000786a00000, 0x0000000786b00000|  0%| F|  |TAMS 0x0000000786a00000, 0x0000000786a00000| Untracked 
| 107|0x0000000786b00000, 0x0000000786b00000, 0x0000000786c00000|  0%| F|  |TAMS 0x0000000786b00000, 0x0000000786b00000| Untracked 
| 108|0x0000000786c00000, 0x0000000786c00000, 0x0000000786d00000|  0%| F|  |TAMS 0x0000000786c00000, 0x0000000786c00000| Untracked 
| 109|0x0000000786d00000, 0x0000000786d00000, 0x0000000786e00000|  0%| F|  |TAMS 0x0000000786d00000, 0x0000000786d00000| Untracked 
| 110|0x0000000786e00000, 0x0000000786e00000, 0x0000000786f00000|  0%| F|  |TAMS 0x0000000786e00000, 0x0000000786e00000| Untracked 
| 111|0x0000000786f00000, 0x0000000786f00000, 0x0000000787000000|  0%| F|  |TAMS 0x0000000786f00000, 0x0000000786f00000| Untracked 
| 112|0x0000000787000000, 0x0000000787000000, 0x0000000787100000|  0%| F|  |TAMS 0x0000000787000000, 0x0000000787000000| Untracked 
| 113|0x0000000787100000, 0x0000000787100000, 0x0000000787200000|  0%| F|  |TAMS 0x0000000787100000, 0x0000000787100000| Untracked 
| 114|0x0000000787200000, 0x0000000787200000, 0x0000000787300000|  0%| F|  |TAMS 0x0000000787200000, 0x0000000787200000| Untracked 
| 115|0x0000000787300000, 0x0000000787300000, 0x0000000787400000|  0%| F|  |TAMS 0x0000000787300000, 0x0000000787300000| Untracked 
| 116|0x0000000787400000, 0x0000000787400000, 0x0000000787500000|  0%| F|  |TAMS 0x0000000787400000, 0x0000000787400000| Untracked 
| 117|0x0000000787500000, 0x0000000787500000, 0x0000000787600000|  0%| F|  |TAMS 0x0000000787500000, 0x0000000787500000| Untracked 
| 118|0x0000000787600000, 0x0000000787600000, 0x0000000787700000|  0%| F|  |TAMS 0x0000000787600000, 0x0000000787600000| Untracked 
| 119|0x0000000787700000, 0x0000000787700000, 0x0000000787800000|  0%| F|  |TAMS 0x0000000787700000, 0x0000000787700000| Untracked 
| 120|0x0000000787800000, 0x0000000787800000, 0x0000000787900000|  0%| F|  |TAMS 0x0000000787800000, 0x0000000787800000| Untracked 
| 121|0x0000000787900000, 0x00000007879ec1e8, 0x0000000787a00000| 92%| E|  |TAMS 0x0000000787900000, 0x0000000787900000| Complete 
| 122|0x0000000787a00000, 0x0000000787b00000, 0x0000000787b00000|100%| E|CS|TAMS 0x0000000787a00000, 0x0000000787a00000| Complete 
| 123|0x0000000787b00000, 0x0000000787c00000, 0x0000000787c00000|100%| E|CS|TAMS 0x0000000787b00000, 0x0000000787b00000| Complete 
| 124|0x0000000787c00000, 0x0000000787d00000, 0x0000000787d00000|100%| E|CS|TAMS 0x0000000787c00000, 0x0000000787c00000| Complete 
| 125|0x0000000787d00000, 0x0000000787e00000, 0x0000000787e00000|100%| E|CS|TAMS 0x0000000787d00000, 0x0000000787d00000| Complete 
| 126|0x0000000787e00000, 0x0000000787f00000, 0x0000000787f00000|100%| E|CS|TAMS 0x0000000787e00000, 0x0000000787e00000| Complete 
| 127|0x0000000787f00000, 0x0000000788000000, 0x0000000788000000|100%| E|CS|TAMS 0x0000000787f00000, 0x0000000787f00000| Complete 

Card table byte_map: [0x0000000105548000,0x0000000105948000] _byte_map_base: 0x0000000101948000

Marking Bits (Prev, Next): (CMBitMap*) 0x000000015200d410, (CMBitMap*) 0x000000015200d450
 Prev Bits: [0x0000000119550000, 0x000000011b550000)
 Next Bits: [0x000000011b550000, 0x000000011d550000)

Polling page: 0x0000000104ea0000

Metaspace:

Usage:
  Non-class:     13.16 MB used.
      Class:      1.61 MB used.
       Both:     14.77 MB used.

Virtual space:
  Non-class space:       64.00 MB reserved,      13.25 MB ( 21%) committed,  1 nodes.
      Class space:        1.00 GB reserved,       1.75 MB ( <1%) committed,  1 nodes.
             Both:        1.06 GB reserved,      15.00 MB (  1%) committed. 

Chunk freelists:
   Non-Class:  2.46 MB
       Class:  14.24 MB
        Both:  16.70 MB

MaxMetaspaceSize: unlimited
CompressedClassSpaceSize: 1.00 GB
Initial GC threshold: 21.00 MB
Current GC threshold: 21.00 MB
CDS: off
MetaspaceReclaimPolicy: balanced
 - commit_granule_bytes: 65536.
 - commit_granule_words: 8192.
 - virtual_space_node_default_size: 8388608.
 - enlarge_chunks_in_place: 1.
 - new_chunks_are_fully_committed: 0.
 - uncommit_free_chunks: 1.
 - use_allocation_guard: 0.
 - handle_deallocations: 1.


Internal statistics:

num_allocs_failed_limit: 0.
num_arena_births: 132.
num_arena_deaths: 0.
num_vsnodes_births: 2.
num_vsnodes_deaths: 0.
num_space_committed: 240.
num_space_uncommitted: 0.
num_chunks_returned_to_freelist: 0.
num_chunks_taken_from_freelist: 190.
num_chunk_merges: 0.
num_chunk_splits: 107.
num_chunks_enlarged: 58.
num_inconsistent_stats: 0.

CodeHeap 'non-profiled nmethods': size=120032Kb used=202Kb max_used=202Kb free=119829Kb
 bounds [0x0000000112018000, 0x0000000112288000, 0x0000000119550000]
CodeHeap 'profiled nmethods': size=120016Kb used=1098Kb max_used=1098Kb free=118918Kb
 bounds [0x000000010a550000, 0x000000010a7c0000, 0x0000000111a84000]
CodeHeap 'non-nmethods': size=5712Kb used=1288Kb max_used=1304Kb free=4423Kb
 bounds [0x0000000111a84000, 0x0000000111cf4000, 0x0000000112018000]
 total_blobs=1345 nmethods=715 adapters=547
 compilation: enabled
              stopped_count=0, restarted_count=0
 full_count=0

Compilation events (20 events):
Event: 0.676 Thread 0x000000015380e800 nmethod 705 0x000000010a65e410 code [0x000000010a65e600, 0x000000010a65ea18]
Event: 0.676 Thread 0x000000015380e800  706       1       sun.java2d.loops.CompositeType::getSuperType (5 bytes)
Event: 0.676 Thread 0x000000015380e800 nmethod 706 0x0000000112049990 code [0x0000000112049b00, 0x0000000112049b98]
Event: 0.676 Thread 0x000000015380e800  707       3       java.util.Arrays::binarySearch0 (95 bytes)
Event: 0.676 Thread 0x000000015380e800 nmethod 707 0x000000010a65eb10 code [0x000000010a65ed00, 0x000000010a65f138]
Event: 0.676 Thread 0x000000015380e800  708       3       sun.java2d.loops.GraphicsPrimitiveMgr::locate (104 bytes)
Event: 0.676 Thread 0x0000000154016e00 nmethod 704 0x0000000112049f90 code [0x000000011204a140, 0x000000011204a2a0]
Event: 0.676 Thread 0x000000015380e800 nmethod 708 0x000000010a65f310 code [0x000000010a65f5c0, 0x000000010a660058]
Event: 0.676 Thread 0x000000015380e800  709       3       java.util.Arrays::binarySearch (10 bytes)
Event: 0.676 Thread 0x000000015380e800 nmethod 709 0x000000010a660310 code [0x000000010a6604c0, 0x000000010a660608]
Event: 0.676 Thread 0x000000015380e800  710       3       java.lang.invoke.MethodType::insertParameterTypes (121 bytes)
Event: 0.677 Thread 0x0000000154016e00  713       4       sun.java2d.loops.GraphicsPrimitiveMgr$2::compare (39 bytes)
Event: 0.677 Thread 0x000000015380e800 nmethod 710 0x000000010a660710 code [0x000000010a660a80, 0x000000010a6617e8]
Event: 0.677 Thread 0x000000015380e800  714       3       java.awt.geom.Rectangle2D::<init> (5 bytes)
Event: 0.677 Thread 0x000000015380e800 nmethod 714 0x000000010a661e10 code [0x000000010a661fc0, 0x000000010a662198]
Event: 0.677 Thread 0x000000015380e800  711       1       sun.java2d.loops.SurfaceType::getSuperType (5 bytes)
Event: 0.677 Thread 0x000000015380e800 nmethod 711 0x000000011204a410 code [0x000000011204a580, 0x000000011204a618]
Event: 0.677 Thread 0x000000015380e800  715       3       java.awt.Rectangle::<init> (26 bytes)
Event: 0.677 Thread 0x000000015380e800 nmethod 715 0x000000010a662290 code [0x000000010a662440, 0x000000010a662698]
Event: 0.677 Thread 0x0000000154016e00 nmethod 713 0x000000011204a710 code [0x000000011204a8c0, 0x000000011204aa10]

GC Heap History (0 events):
No events

Dll operation events (8 events):
Event: 0.003 Loaded shared library /Volumes/Eclipse/Eclipse.app/Contents/Eclipse/plugins/org.eclipse.justj.openjdk.hotspot.jre.full.macosx.aarch64_17.0.10.v20240120-1143/jre/lib/libjava.dylib
Event: 0.052 Loaded shared library /Volumes/Eclipse/Eclipse.app/Contents/Eclipse/plugins/org.eclipse.justj.openjdk.hotspot.jre.full.macosx.aarch64_17.0.10.v20240120-1143/jre/lib/libnio.dylib
Event: 0.053 Loaded shared library /Volumes/Eclipse/Eclipse.app/Contents/Eclipse/plugins/org.eclipse.justj.openjdk.hotspot.jre.full.macosx.aarch64_17.0.10.v20240120-1143/jre/lib/libjimage.dylib
Event: 0.061 Loaded shared library /Volumes/Eclipse/Eclipse.app/Contents/Eclipse/plugins/org.eclipse.justj.openjdk.hotspot.jre.full.macosx.aarch64_17.0.10.v20240120-1143/jre/lib/libzip.dylib
Event: 0.076 Loaded shared library /Volumes/Eclipse/Eclipse.app/Contents/Eclipse/plugins/org.eclipse.justj.openjdk.hotspot.jre.full.macosx.aarch64_17.0.10.v20240120-1143/jre/lib/libawt.dylib
Event: 0.077 Loaded shared library /Volumes/Eclipse/Eclipse.app/Contents/Eclipse/plugins/org.eclipse.justj.openjdk.hotspot.jre.full.macosx.aarch64_17.0.10.v20240120-1143/jre/lib/libawt_lwawt.dylib
Event: 0.102 Loaded shared library /Volumes/Eclipse/Eclipse.app/Contents/Eclipse/plugins/org.eclipse.justj.openjdk.hotspot.jre.full.macosx.aarch64_17.0.10.v20240120-1143/jre/lib/libfontmanager.dylib
Event: 0.223 Loaded shared library /Volumes/Eclipse/Eclipse.app/Contents/Eclipse/plugins/org.eclipse.justj.openjdk.hotspot.jre.full.macosx.aarch64_17.0.10.v20240120-1143/jre/lib/libosxui.dylib

Deoptimization events (20 events):
Event: 0.269 Thread 0x0000000152808800 Uncommon trap: trap_request=0xffffff45 fr.pc=0x0000000112034af8 relative=0x0000000000000138
Event: 0.269 Thread 0x0000000152808800 Uncommon trap: reason=unstable_if action=reinterpret pc=0x0000000112034af8 method=java.lang.String.equals(Ljava/lang/Object;)Z @ 33 c2
Event: 0.269 Thread 0x0000000152808800 DEOPT PACKING pc=0x0000000112034af8 sp=0x000000016b432820
Event: 0.269 Thread 0x0000000152808800 DEOPT UNPACKING pc=0x0000000111acb91c sp=0x000000016b4327c0 mode 2
Event: 0.319 Thread 0x0000000152808800 Uncommon trap: trap_request=0xffffff45 fr.pc=0x0000000112027ad4 relative=0x0000000000000054
Event: 0.319 Thread 0x0000000152808800 Uncommon trap: reason=unstable_if action=reinterpret pc=0x0000000112027ad4 method=java.lang.String.isLatin1()Z @ 10 c2
Event: 0.319 Thread 0x0000000152808800 DEOPT PACKING pc=0x0000000112027ad4 sp=0x000000016b430e00
Event: 0.319 Thread 0x0000000152808800 DEOPT UNPACKING pc=0x0000000111acb91c sp=0x000000016b430da0 mode 2
Event: 0.553 Thread 0x0000000152808800 Uncommon trap: trap_request=0xffffff6e fr.pc=0x000000011204221c relative=0x000000000000035c
Event: 0.553 Thread 0x0000000152808800 Uncommon trap: reason=loop_limit_check action=maybe_recompile pc=0x000000011204221c method=java.lang.StringLatin1.indexOf([BI[BII)I @ 37 c2
Event: 0.553 Thread 0x0000000152808800 DEOPT PACKING pc=0x000000011204221c sp=0x000000016b431170
Event: 0.553 Thread 0x0000000152808800 DEOPT UNPACKING pc=0x0000000111acb91c sp=0x000000016b4310d0 mode 2
Event: 0.651 Thread 0x0000000152808800 Uncommon trap: trap_request=0xffffff45 fr.pc=0x0000000112043c94 relative=0x0000000000000454
Event: 0.651 Thread 0x0000000152808800 Uncommon trap: reason=unstable_if action=reinterpret pc=0x0000000112043c94 method=java.lang.StringLatin1.toLowerCase(Ljava/lang/String;[BLjava/util/Locale;)Ljava/lang/String; @ 43 c2
Event: 0.651 Thread 0x0000000152808800 DEOPT PACKING pc=0x0000000112043c94 sp=0x000000016b4311f0
Event: 0.651 Thread 0x0000000152808800 DEOPT UNPACKING pc=0x0000000111acb91c sp=0x000000016b431150 mode 2
Event: 0.656 Thread 0x0000000152808800 Uncommon trap: trap_request=0xffffff45 fr.pc=0x000000011201c230 relative=0x0000000000000070
Event: 0.656 Thread 0x0000000152808800 Uncommon trap: reason=unstable_if action=reinterpret pc=0x000000011201c230 method=java.lang.String.isLatin1()Z @ 10 c2
Event: 0.656 Thread 0x0000000152808800 DEOPT PACKING pc=0x000000011201c230 sp=0x000000016b431a30
Event: 0.656 Thread 0x0000000152808800 DEOPT UNPACKING pc=0x0000000111acb91c sp=0x000000016b431970 mode 2

Classes unloaded (0 events):
No events

Classes redefined (0 events):
No events

Internal exceptions (20 events):
Event: 0.086 Thread 0x0000000152808800 Exception <a 'java/io/FileNotFoundException'{0x0000000787eae5f8}> (0x0000000787eae5f8) 
thrown [src/hotspot/share/prims/jni.cpp, line 516]
Event: 0.090 Thread 0x0000000152808800 Exception <a 'java/io/FileNotFoundException'{0x0000000787edb4b0}> (0x0000000787edb4b0) 
thrown [src/hotspot/share/prims/jni.cpp, line 516]
Event: 0.091 Thread 0x0000000152808800 Exception <a 'java/lang/NoSuchMethodError'{0x0000000787ee2d60}: 'java.lang.Object java.lang.invoke.DirectMethodHandle$Holder.invokeStaticInit(java.lang.Object)'> (0x0000000787ee2d60) 
thrown [src/hotspot/share/interpreter/linkResolver.cpp, line 759]
Event: 0.101 Thread 0x0000000152808800 Exception <a 'java/lang/ClassNotFoundException'{0x0000000787d227e8}: sun/awt/resources/spi/awtosxProvider> (0x0000000787d227e8) 
thrown [src/hotspot/share/classfile/systemDictionary.cpp, line 256]
Event: 0.212 Thread 0x0000000152808800 Exception <a 'java/lang/NoSuchMethodError'{0x0000000787d32d08}: 'void java.lang.invoke.DirectMethodHandle$Holder.invokeStatic(java.lang.Object, java.lang.Object)'> (0x0000000787d32d08) 
thrown [src/hotspot/share/interpreter/linkResolver.cpp, line 759]
Event: 0.221 Thread 0x0000000152808800 Exception <a 'java/lang/NoSuchMethodError'{0x0000000787d5b028}: 'void java.lang.invoke.DirectMethodHandle$Holder.invokeSpecial(java.lang.Object, java.lang.Object, java.lang.Object)'> (0x0000000787d5b028) 
thrown [src/hotspot/share/interpreter/linkResolver.cpp, line 759]
Event: 0.225 Thread 0x0000000152808800 Exception <a 'java/lang/NoSuchMethodError'{0x0000000787d721b0}: 'void java.lang.invoke.DirectMethodHandle$Holder.invokeStaticInit(java.lang.Object)'> (0x0000000787d721b0) 
thrown [src/hotspot/share/interpreter/linkResolver.cpp, line 759]
Event: 0.229 Thread 0x0000000152808800 Exception <a 'java/lang/NoSuchMethodError'{0x0000000787c1f488}: 'java.lang.Object java.lang.invoke.DirectMethodHandle$Holder.newInvokeSpecial(java.lang.Object, java.lang.Object, java.lang.Object, java.lang.Object, java.lang.Object)'> (0x0000000787c1f488) 
thrown [src/hotspot/share/interpreter/linkResolver.cpp, line 759]
Event: 0.230 Thread 0x0000000152808800 Exception <a 'java/lang/NoSuchMethodError'{0x0000000787c2ae50}: 'java.lang.Object java.lang.invoke.DirectMethodHandle$Holder.invokeStatic(java.lang.Object, int, java.lang.Object, java.lang.Object, java.lang.Object, java.lang.Object)'> (0x0000000787c2ae50) 
thrown [src/hotspot/share/interpreter/linkResolver.cpp, line 759]
Event: 0.231 Thread 0x0000000152808800 Exception <a 'java/lang/NoSuchMethodError'{0x0000000787c50570}: 'java.lang.Object java.lang.invoke.DirectMethodHandle$Holder.invokeStatic(java.lang.Object, int, java.lang.Object)'> (0x0000000787c50570) 
thrown [src/hotspot/share/interpreter/linkResolver.cpp, line 759]
Event: 0.233 Thread 0x0000000152808800 Exception <a 'java/lang/ClassNotFoundException'{0x0000000787c825e0}: com/apple/laf/resources/spi/aquaProvider> (0x0000000787c825e0) 
thrown [src/hotspot/share/classfile/systemDictionary.cpp, line 256]
Event: 0.241 Thread 0x0000000152808800 Exception <a 'java/lang/ClassNotFoundException'{0x0000000787cf4670}: com/sun/swing/internal/plaf/basic/resources/spi/basicProvider> (0x0000000787cf4670) 
thrown [src/hotspot/share/classfile/systemDictionary.cpp, line 256]
Event: 0.275 Thread 0x0000000152808800 Exception <a 'java/lang/NoSuchMethodError'{0x0000000787bf0180}: 'java.lang.Object java.lang.invoke.DirectMethodHandle$Holder.newInvokeSpecial(java.lang.Object, java.lang.Object, java.lang.Object, int, java.lang.Object)'> (0x0000000787bf0180) 
thrown [src/hotspot/share/interpreter/linkResolver.cpp, line 759]
Event: 0.287 Thread 0x0000000152808800 Exception <a 'java/lang/NoSuchMethodError'{0x0000000787a093f0}: 'java.lang.Object java.lang.invoke.Invokers$Holder.linkToTargetMethod(int, int, int, int, java.lang.Object)'> (0x0000000787a093f0) 
thrown [src/hotspot/share/interpreter/linkResolver.cpp, line 759]
Event: 0.288 Thread 0x0000000152808800 Exception <a 'java/lang/NoSuchMethodError'{0x0000000787a0cde0}: 'void java.lang.invoke.DirectMethodHandle$Holder.invokeStatic(java.lang.Object, java.lang.Object, long)'> (0x0000000787a0cde0) 
thrown [src/hotspot/share/interpreter/linkResolver.cpp, line 759]
Event: 0.291 Thread 0x0000000154015000 Exception <a 'java/lang/NoSuchMethodError'{0x0000000787dc2d78}: 'void java.lang.invoke.DirectMethodHandle$Holder.invokeSpecial(java.lang.Object, java.lang.Object, long)'> (0x0000000787dc2d78) 
thrown [src/hotspot/share/interpreter/linkResolver.cpp, line 759]
Event: 0.320 Thread 0x0000000154015000 Exception <a 'java/lang/NoSuchMethodError'{0x0000000787dce320}: 'void java.lang.invoke.DirectMethodHandle$Holder.invokeStatic(java.lang.Object, long)'> (0x0000000787dce320) 
thrown [src/hotspot/share/interpreter/linkResolver.cpp, line 759]
Event: 0.669 Thread 0x0000000152808800 Exception <a 'java/lang/NoSuchMethodError'{0x00000007879127e0}: 'void java.lang.invoke.DirectMethodHandle$Holder.invokeStatic(java.lang.Object, long, long)'> (0x00000007879127e0) 
thrown [src/hotspot/share/interpreter/linkResolver.cpp, line 759]
Event: 0.669 Thread 0x0000000152808800 Exception <a 'java/lang/NoSuchMethodError'{0x0000000787917e08}: 'java.lang.Object java.lang.invoke.DirectMethodHandle$Holder.newInvokeSpecial(java.lang.Object, long)'> (0x0000000787917e08) 
thrown [src/hotspot/share/interpreter/linkResolver.cpp, line 759]
Event: 0.670 Thread 0x0000000152808800 Exception <a 'java/lang/NoSuchMethodError'{0x00000007879220c0}: 'java.lang.Object java.lang.invoke.DirectMethodHandle$Holder.newInvokeSpecial(java.lang.Object, java.lang.Object, int)'> (0x00000007879220c0) 
thrown [src/hotspot/share/interpreter/linkResolver.cpp, line 759]

VM Operations (8 events):
Event: 0.100 Executing VM operation: HandshakeAllThreads
Event: 0.100 Executing VM operation: HandshakeAllThreads done
Event: 0.241 Executing VM operation: HandshakeAllThreads
Event: 0.241 Executing VM operation: HandshakeAllThreads done
Event: 0.263 Executing VM operation: HandshakeAllThreads
Event: 0.263 Executing VM operation: HandshakeAllThreads done
Event: 0.669 Executing VM operation: ICBufferFull
Event: 0.669 Executing VM operation: ICBufferFull done

Events (20 events):
Event: 0.676 loading class sun/awt/AWTAccessor$MouseEventAccessor done
Event: 0.676 loading class java/awt/event/MouseEvent$1 done
Event: 0.676 loading class sun/java2d/loops/DrawGlyphListColor
Event: 0.676 loading class sun/java2d/loops/DrawGlyphListColor done
Event: 0.676 loading class sun/java2d/loops/DrawGlyphListColor$General
Event: 0.676 loading class sun/lwawt/LWCursorManager$1
Event: 0.676 loading class sun/java2d/loops/DrawGlyphListColor$General done
Event: 0.676 loading class sun/lwawt/LWCursorManager$1 done
Event: 0.676 loading class sun/java2d/loops/Blit$GeneralMaskBlit
Event: 0.676 loading class sun/java2d/loops/Blit$GeneralMaskBlit done
Event: 0.676 loading class sun/awt/image/BufferedImageDevice
Event: 0.676 loading class sun/awt/image/BufferedImageDevice done
Event: 0.676 loading class java/awt/image/MultiResolutionImage
Event: 0.676 loading class java/awt/image/MultiResolutionImage done
Event: 0.677 loading class sun/awt/image/ToolkitImage
Event: 0.677 loading class sun/awt/image/ToolkitImage done
Event: 0.677 loading class sun/java2d/opengl/OGLSurfaceDataProxy
Event: 0.677 loading class sun/java2d/opengl/OGLSurfaceDataProxy done
Event: 0.677 loading class sun/java2d/StateTrackableDelegate$1
Event: 0.677 loading class sun/java2d/StateTrackableDelegate$1 done


Dynamic libraries:
0x0000000104e68000 	/Volumes/Eclipse/Eclipse.app/Contents/Eclipse/plugins/org.eclipse.justj.openjdk.hotspot.jre.full.macosx.aarch64_17.0.10.v20240120-1143/jre/lib/libjli.dylib
0x00000001bfefa000 	/System/Library/Frameworks/Cocoa.framework/Versions/A/Cocoa
0x00000001ac146000 	/System/Library/Frameworks/AppKit.framework/Versions/C/AppKit
0x00000001af64c000 	/System/Library/Frameworks/CoreData.framework/Versions/A/CoreData
0x00000001aa4a1000 	/System/Library/Frameworks/Foundation.framework/Versions/C/Foundation
0x00000001b40a3000 	/usr/lib/libSystem.B.dylib
0x00000001acffe000 	/System/Library/PrivateFrameworks/UIFoundation.framework/Versions/A/UIFoundation
0x00000001ba0db000 	/System/Library/PrivateFrameworks/RemoteViewServices.framework/Versions/A/RemoteViewServices
0x00000001b2561000 	/System/Library/PrivateFrameworks/XCTTargetBootstrap.framework/Versions/A/XCTTargetBootstrap
0x00000001b5ddf000 	/System/Library/PrivateFrameworks/InternationalSupport.framework/Versions/A/InternationalSupport
0x00000001b5e68000 	/System/Library/PrivateFrameworks/UserActivity.framework/Versions/A/UserActivity
0x00000001b52da000 	/usr/lib/libspindump.dylib
0x00000001ad26f000 	/System/Library/Frameworks/UniformTypeIdentifiers.framework/Versions/A/UniformTypeIdentifiers
0x00000001b0aac000 	/usr/lib/libapp_launch_measurement.dylib
0x00000001affd6000 	/System/Library/PrivateFrameworks/CoreAnalytics.framework/Versions/A/CoreAnalytics
0x00000001b0aaf000 	/System/Library/PrivateFrameworks/CoreAutoLayout.framework/Versions/A/CoreAutoLayout
0x00000001b1e52000 	/System/Library/Frameworks/Metal.framework/Versions/A/Metal
0x00000001b2bc9000 	/usr/lib/liblangid.dylib
0x00000001b2566000 	/System/Library/PrivateFrameworks/CoreSVG.framework/Versions/A/CoreSVG
0x00000001ae700000 	/System/Library/PrivateFrameworks/SkyLight.framework/Versions/A/SkyLight
0x00000001aead5000 	/System/Library/Frameworks/CoreGraphics.framework/Versions/A/CoreGraphics
0x00000001ba7a7000 	/System/Library/Frameworks/Accelerate.framework/Versions/A/Accelerate
0x00000001b4d51000 	/System/Library/PrivateFrameworks/IconServices.framework/Versions/A/IconServices
0x00000001b1e34000 	/System/Library/Frameworks/IOSurface.framework/Versions/A/IOSurface
0x00000001b0007000 	/usr/lib/libDiagnosticMessagesClient.dylib
0x00000001b3fec000 	/usr/lib/libz.1.dylib
0x00000001bdca8000 	/System/Library/Frameworks/ApplicationServices.framework/Versions/A/ApplicationServices
0x00000001b2549000 	/System/Library/PrivateFrameworks/DFRFoundation.framework/Versions/A/DFRFoundation
0x00000001ab9d6000 	/usr/lib/libicucore.A.dylib
0x00000001b6c8b000 	/System/Library/Frameworks/AudioToolbox.framework/Versions/A/AudioToolbox
0x00000001b5deb000 	/System/Library/PrivateFrameworks/DataDetectorsCore.framework/Versions/A/DataDetectorsCore
0x00000001cc72b000 	/System/Library/PrivateFrameworks/TextInput.framework/Versions/A/TextInput
0x00000001ae675000 	/usr/lib/libMobileGestalt.dylib
0x00000001b2215000 	/System/Library/Frameworks/Carbon.framework/Versions/A/Frameworks/HIToolbox.framework/Versions/A/HIToolbox
0x00000001b0488000 	/System/Library/Frameworks/QuartzCore.framework/Versions/A/QuartzCore
0x00000001ab659000 	/System/Library/Frameworks/Security.framework/Versions/A/Security
0x00000001ba11b000 	/System/Library/Frameworks/Carbon.framework/Versions/A/Frameworks/SpeechRecognition.framework/Versions/A/SpeechRecognition
0x00000001b0802000 	/System/Library/PrivateFrameworks/CoreUI.framework/Versions/A/CoreUI
0x00000001aaf36000 	/System/Library/Frameworks/CoreAudio.framework/Versions/A/CoreAudio
0x00000001b00fc000 	/System/Library/Frameworks/DiskArbitration.framework/Versions/A/DiskArbitration
0x00000001b56e4000 	/System/Library/PrivateFrameworks/MultitouchSupport.framework/Versions/A/MultitouchSupport
0x00000001ae673000 	/usr/lib/libenergytrace.dylib
0x00000001ac00e000 	/System/Library/Frameworks/IOKit.framework/Versions/A/IOKit
0x00000001ba50a000 	/System/Library/Frameworks/CoreServices.framework/Versions/A/CoreServices
0x00000001b0a3c000 	/System/Library/PrivateFrameworks/PerformanceAnalysis.framework/Versions/A/PerformanceAnalysis
0x000000020aa13000 	/System/Library/Frameworks/OpenGL.framework/Versions/A/OpenGL
0x00000001b3643000 	/System/Library/PrivateFrameworks/MobileKeyBag.framework/Versions/A/MobileKeyBag
0x00000001a93dd000 	/usr/lib/libobjc.A.dylib
0x00000001af0e2000 	/System/Library/Frameworks/ColorSync.framework/Versions/A/ColorSync
0x00000001a95a6000 	/System/Library/Frameworks/CoreFoundation.framework/Versions/A/CoreFoundation
0x00000001b27e5000 	/System/Library/Frameworks/CoreImage.framework/Versions/A/CoreImage
0x00000001aad5a000 	/System/Library/Frameworks/CoreText.framework/Versions/A/CoreText
0x00000001b2596000 	/System/Library/Frameworks/ImageIO.framework/Versions/A/ImageIO
0x00000001b40a9000 	/System/Library/PrivateFrameworks/SoftLinking.framework/Versions/A/SoftLinking
0x00000001b0afa000 	/usr/lib/libxml2.2.dylib
0x00000001a94a0000 	/usr/lib/libc++.1.dylib
0x00000001b4342000 	/usr/lib/libcompression.dylib
0x00000001b5d3b000 	/System/Library/PrivateFrameworks/TextureIO.framework/Versions/A/TextureIO
0x00000001b4a6a000 	/usr/lib/libate.dylib
0x00000001b409d000 	/usr/lib/system/libcache.dylib
0x00000001b405b000 	/usr/lib/system/libcommonCrypto.dylib
0x00000001b4084000 	/usr/lib/system/libcompiler_rt.dylib
0x00000001b407b000 	/usr/lib/system/libcopyfile.dylib
0x00000001a92e3000 	/usr/lib/system/libcorecrypto.dylib
0x00000001a9396000 	/usr/lib/system/libdispatch.dylib
0x00000001a9564000 	/usr/lib/system/libdyld.dylib
0x00000001b4093000 	/usr/lib/system/libkeymgr.dylib
0x00000001b4036000 	/usr/lib/system/libmacho.dylib
0x00000001b372b000 	/usr/lib/system/libquarantine.dylib
0x00000001b4090000 	/usr/lib/system/libremovefile.dylib
0x00000001ae6cc000 	/usr/lib/system/libsystem_asl.dylib
0x00000001a9285000 	/usr/lib/system/libsystem_blocks.dylib
0x00000001a941e000 	/usr/lib/system/libsystem_c.dylib
0x00000001b4088000 	/usr/lib/system/libsystem_collections.dylib
0x00000001b2bb9000 	/usr/lib/system/libsystem_configuration.dylib
0x00000001b1e15000 	/usr/lib/system/libsystem_containermanager.dylib
0x00000001b3d98000 	/usr/lib/system/libsystem_coreservices.dylib
0x00000001abc8c000 	/usr/lib/system/libsystem_darwin.dylib
0x00000001b4094000 	/usr/lib/system/libsystem_dnssd.dylib
0x00000001a941b000 	/usr/lib/system/libsystem_featureflags.dylib
0x00000001a9579000 	/usr/lib/system/libsystem_info.dylib
0x00000001b3ffe000 	/usr/lib/system/libsystem_m.dylib
0x00000001a936b000 	/usr/lib/system/libsystem_malloc.dylib
0x00000001ae65b000 	/usr/lib/system/libsystem_networkextension.dylib
0x00000001ac0e5000 	/usr/lib/system/libsystem_notify.dylib
0x00000001ba3e1000 	/usr/lib/system/libsystem_product_info_filter.dylib
0x00000001b2bbe000 	/usr/lib/system/libsystem_sandbox.dylib
0x00000001b408d000 	/usr/lib/system/libsystem_secinit.dylib
0x00000001a951f000 	/usr/lib/system/libsystem_kernel.dylib
0x00000001a9571000 	/usr/lib/system/libsystem_platform.dylib
0x00000001a9557000 	/usr/lib/system/libsystem_pthread.dylib
0x00000001afe24000 	/usr/lib/system/libsystem_symptoms.dylib
0x00000001a92c9000 	/usr/lib/system/libsystem_trace.dylib
0x00000001b4068000 	/usr/lib/system/libunwind.dylib
0x00000001a9287000 	/usr/lib/system/libxpc.dylib
0x00000001a9507000 	/usr/lib/libc++abi.dylib
0x00000001b4073000 	/usr/lib/liboah.dylib
0x00000001b492f000 	/usr/lib/liblzma.5.dylib
0x00000001aa195000 	/System/Library/Frameworks/SystemConfiguration.framework/Versions/A/SystemConfiguration
0x00000001b40a5000 	/usr/lib/libfakelink.dylib
0x00000001ae1a7000 	/System/Library/Frameworks/CFNetwork.framework/Versions/A/CFNetwork
0x00000001b41eb000 	/usr/lib/libarchive.2.dylib
0x00000001b2bc5000 	/System/Library/PrivateFrameworks/AppleSystemInfo.framework/Versions/A/AppleSystemInfo
0x00000001b3756000 	/usr/lib/libbsm.0.dylib
0x00000001ad718000 	/usr/lib/libnetwork.dylib
0x00000001b403f000 	/usr/lib/system/libkxld.dylib
0x00000001b3369000 	/System/Library/PrivateFrameworks/IOMobileFramebuffer.framework/Versions/A/IOMobileFramebuffer
0x000000022833f000 	/usr/lib/libCoreEntitlements.dylib
0x00000001b3d7a000 	/System/Library/PrivateFrameworks/AppleFSCompression.framework/Versions/A/AppleFSCompression
0x00000001b373e000 	/usr/lib/libcoretls.dylib
0x00000001b4948000 	/usr/lib/libcoretls_cfhelpers.dylib
0x00000001b433d000 	/usr/lib/libpam.2.dylib
0x00000001afa3b000 	/usr/lib/libsqlite3.dylib
0x00000001b49b1000 	/usr/lib/libxar.1.dylib
0x00000001b3d8b000 	/usr/lib/libbz2.1.0.dylib
0x00000001b40aa000 	/usr/lib/libpcap.A.dylib
0x00000001afe1b000 	/usr/lib/libdns_services.dylib
0x00000001b4310000 	/usr/lib/libapple_nghttp2.dylib
0x00000001b40e7000 	/usr/lib/libiconv.2.dylib
0x00000001b4035000 	/usr/lib/libcharset.1.dylib
0x00000001b0a78000 	/System/Library/Frameworks/CoreServices.framework/Versions/A/Frameworks/FSEvents.framework/Versions/A/FSEvents
0x00000001abc97000 	/System/Library/Frameworks/CoreServices.framework/Versions/A/Frameworks/CarbonCore.framework/Versions/A/CarbonCore
0x00000001b005c000 	/System/Library/Frameworks/CoreServices.framework/Versions/A/Frameworks/Metadata.framework/Versions/A/Metadata
0x00000001b3d9e000 	/System/Library/Frameworks/CoreServices.framework/Versions/A/Frameworks/OSServices.framework/Versions/A/OSServices
0x00000001b4271000 	/System/Library/Frameworks/CoreServices.framework/Versions/A/Frameworks/SearchKit.framework/Versions/A/SearchKit
0x00000001afdaa000 	/System/Library/Frameworks/CoreServices.framework/Versions/A/Frameworks/AE.framework/Versions/A/AE
0x00000001a9aec000 	/System/Library/Frameworks/CoreServices.framework/Versions/A/Frameworks/LaunchServices.framework/Versions/A/LaunchServices
0x00000001b48d8000 	/System/Library/Frameworks/CoreServices.framework/Versions/A/Frameworks/DictionaryServices.framework/Versions/A/DictionaryServices
0x00000001b0a85000 	/System/Library/Frameworks/CoreServices.framework/Versions/A/Frameworks/SharedFileList.framework/Versions/A/SharedFileList
0x00000001b372e000 	/usr/lib/libCheckFix.dylib
0x00000001ae6e4000 	/System/Library/PrivateFrameworks/TCC.framework/Versions/A/TCC
0x00000001b2bcb000 	/System/Library/PrivateFrameworks/CoreNLP.framework/Versions/A/CoreNLP
0x00000001b000a000 	/System/Library/PrivateFrameworks/MetadataUtilities.framework/Versions/A/MetadataUtilities
0x00000001aa24e000 	/usr/lib/libmecabra.dylib
0x00000001b3767000 	/usr/lib/libmecab.dylib
0x00000001aa21a000 	/usr/lib/libCRFSuite.dylib
0x00000001b37c4000 	/usr/lib/libgermantok.dylib
0x00000001b42e9000 	/usr/lib/libThaiTokenizer.dylib
0x00000001b0104000 	/System/Library/Frameworks/Accelerate.framework/Versions/A/Frameworks/vImage.framework/Versions/A/vImage
0x00000001ba4e1000 	/System/Library/Frameworks/Accelerate.framework/Versions/A/Frameworks/vecLib.framework/Versions/A/vecLib
0x00000001b49f6000 	/System/Library/Frameworks/Accelerate.framework/Versions/A/Frameworks/vecLib.framework/Versions/A/libvMisc.dylib
0x00000001b3270000 	/System/Library/Frameworks/Accelerate.framework/Versions/A/Frameworks/vecLib.framework/Versions/A/libvDSP.dylib
0x00000001a9e75000 	/System/Library/Frameworks/Accelerate.framework/Versions/A/Frameworks/vecLib.framework/Versions/A/libBLAS.dylib
0x00000001b4413000 	/System/Library/Frameworks/Accelerate.framework/Versions/A/Frameworks/vecLib.framework/Versions/A/libLAPACK.dylib
0x00000001b37c7000 	/System/Library/Frameworks/Accelerate.framework/Versions/A/Frameworks/vecLib.framework/Versions/A/libLinearAlgebra.dylib
0x00000001b4328000 	/System/Library/Frameworks/Accelerate.framework/Versions/A/Frameworks/vecLib.framework/Versions/A/libSparseBLAS.dylib
0x00000001b440e000 	/System/Library/Frameworks/Accelerate.framework/Versions/A/Frameworks/vecLib.framework/Versions/A/libQuadrature.dylib
0x00000001b2cc4000 	/System/Library/Frameworks/Accelerate.framework/Versions/A/Frameworks/vecLib.framework/Versions/A/libBNNS.dylib
0x00000001aa133000 	/System/Library/Frameworks/Accelerate.framework/Versions/A/Frameworks/vecLib.framework/Versions/A/libSparse.dylib
0x00000001b2cbc000 	/System/Library/PrivateFrameworks/LinguisticData.framework/Versions/A/LinguisticData
0x00000001aa0eb000 	/System/Library/PrivateFrameworks/Lexicon.framework/Versions/A/Lexicon
0x00000001b49ee000 	/usr/lib/libChineseTokenizer.dylib
0x00000001aa892000 	/System/Library/PrivateFrameworks/LanguageModeling.framework/Versions/A/LanguageModeling
0x00000001b42eb000 	/System/Library/PrivateFrameworks/AppleSauce.framework/Versions/A/AppleSauce
0x00000001b3356000 	/System/Library/PrivateFrameworks/CoreEmoji.framework/Versions/A/CoreEmoji
0x00000001b41d9000 	/usr/lib/libcmph.dylib
0x00000001b0a58000 	/System/Library/Frameworks/OpenDirectory.framework/Versions/A/Frameworks/CFOpenDirectory.framework/Versions/A/CFOpenDirectory
0x00000001b0a48000 	/System/Library/Frameworks/OpenDirectory.framework/Versions/A/OpenDirectory
0x00000001b494a000 	/System/Library/PrivateFrameworks/APFS.framework/Versions/A/APFS
0x00000001b367e000 	/System/Library/Frameworks/SecurityFoundation.framework/Versions/A/SecurityFoundation
0x00000001b49c0000 	/usr/lib/libutil.dylib
0x00000001abfd0000 	/System/Library/PrivateFrameworks/CoreServicesStore.framework/Versions/A/CoreServicesStore
0x00000001b49c4000 	/usr/lib/libxslt.1.dylib
0x00000001b3712000 	/System/Library/PrivateFrameworks/BackgroundTaskManagement.framework/Versions/A/BackgroundTaskManagement
0x00000001b5c5c000 	/System/Library/Frameworks/ImageIO.framework/Versions/A/Resources/libRadiance.dylib
0x00000001b5c65000 	/System/Library/Frameworks/ImageIO.framework/Versions/A/Resources/libJPEG.dylib
0x00000001b5bb8000 	/System/Library/Frameworks/ImageIO.framework/Versions/A/Resources/libPng.dylib
0x00000001b5bda000 	/System/Library/Frameworks/ImageIO.framework/Versions/A/Resources/libTIFF.dylib
0x00000001b5cc0000 	/System/Library/Frameworks/ImageIO.framework/Versions/A/Resources/libGIF.dylib
0x00000001b55f4000 	/System/Library/Frameworks/ImageIO.framework/Versions/A/Resources/libJP2.dylib
0x00000001b4d16000 	/usr/lib/libexpat.1.dylib
0x00000001b55af000 	/System/Library/PrivateFrameworks/AppleJPEG.framework/Versions/A/AppleJPEG
0x00000001b20d1000 	/System/Library/PrivateFrameworks/FontServices.framework/libFontParser.dylib
0x00000001afd4f000 	/System/Library/PrivateFrameworks/RunningBoardServices.framework/Versions/A/RunningBoardServices
0x00000001c05cd000 	/System/Library/PrivateFrameworks/IOSurfaceAccelerator.framework/Versions/A/IOSurfaceAccelerator
0x00000001b56e0000 	/System/Library/PrivateFrameworks/WatchdogClient.framework/Versions/A/WatchdogClient
0x00000001aa996000 	/System/Library/Frameworks/CoreDisplay.framework/Versions/A/CoreDisplay
0x00000001b1fbb000 	/System/Library/Frameworks/CoreMedia.framework/Versions/A/CoreMedia
0x00000001b1e48000 	/System/Library/PrivateFrameworks/IOAccelerator.framework/Versions/A/IOAccelerator
0x00000001b0be8000 	/System/Library/Frameworks/CoreVideo.framework/Versions/A/CoreVideo
0x00000001b433b000 	/System/Library/Frameworks/MetalPerformanceShaders.framework/Versions/A/MetalPerformanceShaders
0x00000001b571f000 	/System/Library/Frameworks/VideoToolbox.framework/Versions/A/VideoToolbox
0x00000001afc93000 	/System/Library/PrivateFrameworks/BaseBoard.framework/Versions/A/BaseBoard
0x00000001afa21000 	/System/Library/PrivateFrameworks/ProtocolBuffer.framework/Versions/A/ProtocolBuffer
0x00000001b5c57000 	/System/Library/PrivateFrameworks/GPUWrangler.framework/Versions/A/GPUWrangler
0x00000001b5c37000 	/System/Library/PrivateFrameworks/IOPresentment.framework/Versions/A/IOPresentment
0x00000001b5c5f000 	/System/Library/PrivateFrameworks/DSExternalDisplay.framework/Versions/A/DSExternalDisplay
0x000000020aa06000 	/System/Library/Frameworks/OpenGL.framework/Versions/A/Libraries/libCoreFSCache.dylib
0x0000000214ec5000 	/System/Library/PrivateFrameworks/GPUCompiler.framework/Versions/31001/Libraries/libGPUCompilerUtils.dylib
0x00000001b5cc5000 	/System/Library/PrivateFrameworks/CMCaptureCore.framework/Versions/A/CMCaptureCore
0x00000001b52c7000 	/System/Library/PrivateFrameworks/AppServerSupport.framework/Versions/A/AppServerSupport
0x00000001b7548000 	/System/Library/PrivateFrameworks/perfdata.framework/Versions/A/perfdata
0x00000001aaab6000 	/System/Library/PrivateFrameworks/AudioToolboxCore.framework/Versions/A/AudioToolboxCore
0x00000001b1f94000 	/System/Library/PrivateFrameworks/caulk.framework/Versions/A/caulk
0x00000001b6e3d000 	/usr/lib/libAudioStatistics.dylib
0x00000001c8d92000 	/System/Library/PrivateFrameworks/SystemPolicy.framework/Versions/A/SystemPolicy
0x00000001b70a9000 	/usr/lib/libSMC.dylib
0x00000001bfddc000 	/System/Library/Frameworks/CoreMIDI.framework/Versions/A/CoreMIDI
0x00000001b5b86000 	/usr/lib/libAudioToolboxUtility.dylib
0x00000001c4e5f000 	/System/Library/PrivateFrameworks/OSAServicesClient.framework/Versions/A/OSAServicesClient
0x00000001b7555000 	/usr/lib/libperfcheck.dylib
0x00000001c98aa000 	/usr/lib/libmis.dylib
0x000000020aa68000 	/System/Library/Frameworks/OpenGL.framework/Versions/A/Libraries/libGLU.dylib
0x000000020aa27000 	/System/Library/Frameworks/OpenGL.framework/Versions/A/Libraries/libGFXShared.dylib
0x000000020ac14000 	/System/Library/Frameworks/OpenGL.framework/Versions/A/Libraries/libGL.dylib
0x000000020aa30000 	/System/Library/Frameworks/OpenGL.framework/Versions/A/Libraries/libGLImage.dylib
0x000000020aa24000 	/System/Library/Frameworks/OpenGL.framework/Versions/A/Libraries/libCVMSPluginSupport.dylib
0x000000020aa0d000 	/System/Library/Frameworks/OpenGL.framework/Versions/A/Libraries/libCoreVMClient.dylib
0x00000001b2b45000 	/System/Library/Frameworks/MetalPerformanceShaders.framework/Versions/A/Frameworks/MPSCore.framework/Versions/A/MPSCore
0x00000001b3ced000 	/System/Library/Frameworks/MetalPerformanceShaders.framework/Versions/A/Frameworks/MPSImage.framework/Versions/A/MPSImage
0x00000001b37dc000 	/System/Library/Frameworks/MetalPerformanceShaders.framework/Versions/A/Frameworks/MPSNeuralNetwork.framework/Versions/A/MPSNeuralNetwork
0x00000001b3c15000 	/System/Library/Frameworks/MetalPerformanceShaders.framework/Versions/A/Frameworks/MPSMatrix.framework/Versions/A/MPSMatrix
0x00000001b39ee000 	/System/Library/Frameworks/MetalPerformanceShaders.framework/Versions/A/Frameworks/MPSRayIntersector.framework/Versions/A/MPSRayIntersector
0x00000001b3c46000 	/System/Library/Frameworks/MetalPerformanceShaders.framework/Versions/A/Frameworks/MPSNDArray.framework/Versions/A/MPSNDArray
0x000000020cb7f000 	/System/Library/Frameworks/MetalPerformanceShaders.framework/Versions/A/Frameworks/MPSFunctions.framework/Versions/A/MPSFunctions
0x00000001a9d4c000 	/System/Library/PrivateFrameworks/MetalTools.framework/Versions/A/MetalTools
0x00000001b2bc3000 	/System/Library/PrivateFrameworks/AggregateDictionary.framework/Versions/A/AggregateDictionary
0x00000001b4afb000 	/usr/lib/libIOReport.dylib
0x00000001bedfa000 	/System/Library/PrivateFrameworks/ASEProcessing.framework/Versions/A/ASEProcessing
0x00000001b4e70000 	/System/Library/PrivateFrameworks/FaceCore.framework/Versions/A/FaceCore
0x00000001b4e62000 	/System/Library/PrivateFrameworks/GraphVisualizer.framework/Versions/A/GraphVisualizer
0x0000000214ddc000 	/System/Library/PrivateFrameworks/FontServices.framework/Versions/A/FontServices
0x00000001b5283000 	/System/Library/PrivateFrameworks/OTSVG.framework/Versions/A/OTSVG
0x00000001b07b2000 	/System/Library/Frameworks/ApplicationServices.framework/Versions/A/Frameworks/ATS.framework/Versions/A/Resources/libFontRegistry.dylib
0x00000001b52d0000 	/System/Library/PrivateFrameworks/FontServices.framework/libhvf.dylib
0x0000000214ddd000 	/System/Library/PrivateFrameworks/FontServices.framework/libXTFontStaticRegistryData.dylib
0x000000020adb5000 	/System/Library/Frameworks/OpenCL.framework/Versions/A/OpenCL
0x00000001b4cca000 	/System/Library/PrivateFrameworks/AppleVA.framework/Versions/A/AppleVA
0x00000001b6e65000 	/System/Library/Frameworks/ApplicationServices.framework/Versions/A/Frameworks/ATS.framework/Versions/A/ATS
0x00000001af1df000 	/System/Library/Frameworks/ApplicationServices.framework/Versions/A/Frameworks/HIServices.framework/Versions/A/HIServices
0x00000001b5ccf000 	/System/Library/Frameworks/ApplicationServices.framework/Versions/A/Frameworks/PrintCore.framework/Versions/A/PrintCore
0x00000001b71fc000 	/System/Library/Frameworks/ApplicationServices.framework/Versions/A/Frameworks/QD.framework/Versions/A/QD
0x00000001b71f4000 	/System/Library/Frameworks/ApplicationServices.framework/Versions/A/Frameworks/ColorSyncLegacy.framework/Versions/A/ColorSyncLegacy
0x00000001b6e51000 	/System/Library/Frameworks/ApplicationServices.framework/Versions/A/Frameworks/SpeechSynthesis.framework/Versions/A/SpeechSynthesis
0x00000001b5c90000 	/System/Library/Frameworks/ApplicationServices.framework/Versions/A/Frameworks/ATSUI.framework/Versions/A/ATSUI
0x00000001b7189000 	/usr/lib/libcups.2.dylib
0x00000001b7563000 	/System/Library/Frameworks/Kerberos.framework/Versions/A/Kerberos
0x00000001b7574000 	/System/Library/Frameworks/GSS.framework/Versions/A/GSS
0x00000001b6ed5000 	/usr/lib/libresolv.9.dylib
0x00000001b52df000 	/System/Library/PrivateFrameworks/Heimdal.framework/Versions/A/Heimdal
0x00000001be02f000 	/System/Library/Frameworks/Kerberos.framework/Versions/A/Libraries/libHeimdalProxy.dylib
0x00000001afe2d000 	/System/Library/Frameworks/Network.framework/Versions/A/Network
0x00000001b4d31000 	/usr/lib/libheimdal-asn1.dylib
0x00000001b75c4000 	/System/Library/PrivateFrameworks/CommonAuth.framework/Versions/A/CommonAuth
0x00000001b6dcb000 	/System/Library/PrivateFrameworks/AudioSession.framework/Versions/A/AudioSession
0x00000001b4dc3000 	/System/Library/PrivateFrameworks/MediaExperience.framework/Versions/A/MediaExperience
0x00000001b6c51000 	/System/Library/PrivateFrameworks/AudioSession.framework/libSessionUtility.dylib
0x00000001b7208000 	/System/Library/PrivateFrameworks/AudioResourceArbitration.framework/Versions/A/AudioResourceArbitration
0x00000001bb3be000 	/System/Library/PrivateFrameworks/PowerLog.framework/Versions/A/PowerLog
0x00000001b4d3b000 	/System/Library/PrivateFrameworks/IconFoundation.framework/Versions/A/IconFoundation
0x00000001ba107000 	/System/Library/PrivateFrameworks/SpeechRecognitionCore.framework/Versions/A/SpeechRecognitionCore
0x00000001eecf5000 	/System/Library/CoreServices/Encodings/libKoreanConverter.dylib
0x0000000105ea4000 	/Volumes/Eclipse/Eclipse.app/Contents/Eclipse/plugins/org.eclipse.justj.openjdk.hotspot.jre.full.macosx.aarch64_17.0.10.v20240120-1143/jre/lib/server/libjvm.dylib
0x0000000104eb4000 	/Volumes/Eclipse/Eclipse.app/Contents/Eclipse/plugins/org.eclipse.justj.openjdk.hotspot.jre.full.macosx.aarch64_17.0.10.v20240120-1143/jre/lib/libjimage.dylib
0x0000000104f3c000 	/Volumes/Eclipse/Eclipse.app/Contents/Eclipse/plugins/org.eclipse.justj.openjdk.hotspot.jre.full.macosx.aarch64_17.0.10.v20240120-1143/jre/lib/libjava.dylib
0x0000000105db0000 	/Volumes/Eclipse/Eclipse.app/Contents/Eclipse/plugins/org.eclipse.justj.openjdk.hotspot.jre.full.macosx.aarch64_17.0.10.v20240120-1143/jre/lib/libzip.dylib
0x0000000105df8000 	/Volumes/Eclipse/Eclipse.app/Contents/Eclipse/plugins/org.eclipse.justj.openjdk.hotspot.jre.full.macosx.aarch64_17.0.10.v20240120-1143/jre/lib/libnio.dylib
0x0000000105e3c000 	/Volumes/Eclipse/Eclipse.app/Contents/Eclipse/plugins/org.eclipse.justj.openjdk.hotspot.jre.full.macosx.aarch64_17.0.10.v20240120-1143/jre/lib/libnet.dylib
0x000000011f5d8000 	/Volumes/Eclipse/Eclipse.app/Contents/Eclipse/plugins/org.eclipse.justj.openjdk.hotspot.jre.full.macosx.aarch64_17.0.10.v20240120-1143/jre/lib/libawt.dylib
0x000000011f680000 	/Volumes/Eclipse/Eclipse.app/Contents/Eclipse/plugins/org.eclipse.justj.openjdk.hotspot.jre.full.macosx.aarch64_17.0.10.v20240120-1143/jre/lib/libmlib_image.dylib
0x000000020cae5000 	/System/Library/Frameworks/JavaRuntimeSupport.framework/Versions/A/JavaRuntimeSupport
0x00000001c8893000 	/System/Library/Frameworks/Carbon.framework/Versions/A/Carbon
0x00000001bc35d000 	/System/Library/PrivateFrameworks/CoreSymbolication.framework/Versions/A/CoreSymbolication
0x00000001c1a03000 	/System/Library/Frameworks/Carbon.framework/Versions/A/Frameworks/CommonPanels.framework/Versions/A/CommonPanels
0x00000001bda1d000 	/System/Library/Frameworks/Carbon.framework/Versions/A/Frameworks/Help.framework/Versions/A/Help
0x00000001c1a07000 	/System/Library/Frameworks/Carbon.framework/Versions/A/Frameworks/ImageCapture.framework/Versions/A/ImageCapture
0x00000001c19d3000 	/System/Library/Frameworks/Carbon.framework/Versions/A/Frameworks/OpenScripting.framework/Versions/A/OpenScripting
0x00000001c19ff000 	/System/Library/Frameworks/Carbon.framework/Versions/A/Frameworks/Ink.framework/Versions/A/Ink
0x00000001c888f000 	/System/Library/Frameworks/Carbon.framework/Versions/A/Frameworks/Print.framework/Versions/A/Print
0x00000001c19fb000 	/System/Library/Frameworks/Carbon.framework/Versions/A/Frameworks/SecurityHI.framework/Versions/A/SecurityHI
0x00000001bc31a000 	/System/Library/PrivateFrameworks/DebugSymbols.framework/Versions/A/DebugSymbols
0x000000011f828000 	/Volumes/Eclipse/Eclipse.app/Contents/Eclipse/plugins/org.eclipse.justj.openjdk.hotspot.jre.full.macosx.aarch64_17.0.10.v20240120-1143/jre/lib/libawt_lwawt.dylib
0x000000011f550000 	/Volumes/Eclipse/Eclipse.app/Contents/Eclipse/plugins/org.eclipse.justj.openjdk.hotspot.jre.full.macosx.aarch64_17.0.10.v20240120-1143/jre/lib/libosxapp.dylib
0x00000001c7bd5000 	/System/Library/Frameworks/ExceptionHandling.framework/Versions/A/ExceptionHandling
0x000000011fb68000 	/Volumes/Eclipse/Eclipse.app/Contents/Eclipse/plugins/org.eclipse.justj.openjdk.hotspot.jre.full.macosx.aarch64_17.0.10.v20240120-1143/jre/lib/libfontmanager.dylib
0x000000011f958000 	/Volumes/Eclipse/Eclipse.app/Contents/Eclipse/plugins/org.eclipse.justj.openjdk.hotspot.jre.full.macosx.aarch64_17.0.10.v20240120-1143/jre/lib/libfreetype.dylib
0x00000001abf93000 	/System/Library/PrivateFrameworks/CoreServicesInternal.framework/Versions/A/CoreServicesInternal
0x00000001bb616000 	/System/Library/Frameworks/FileProvider.framework/Versions/A/FileProvider
0x00000001afbfb000 	/System/Library/Frameworks/Accounts.framework/Versions/A/Accounts
0x00000001bb79a000 	/System/Library/PrivateFrameworks/GenerationalStorage.framework/Versions/A/GenerationalStorage
0x00000001bb3b2000 	/System/Library/PrivateFrameworks/SymptomDiagnosticReporter.framework/Versions/A/SymptomDiagnosticReporter
0x00000001ad283000 	/System/Library/PrivateFrameworks/DesktopServicesPriv.framework/Versions/A/DesktopServicesPriv
0x00000001ac0f5000 	/usr/lib/libsandbox.1.dylib
0x00000001b0c76000 	/System/Library/PrivateFrameworks/UserManagement.framework/Versions/A/UserManagement
0x00000001b71e7000 	/System/Library/PrivateFrameworks/NetAuth.framework/Versions/A/NetAuth
0x00000001b8105000 	/System/Library/PrivateFrameworks/Sharing.framework/Versions/A/Sharing
0x00000001b0c46000 	/System/Library/PrivateFrameworks/login.framework/Versions/A/Frameworks/loginsupport.framework/Versions/A/loginsupport
0x00000001bd54f000 	/System/Library/PrivateFrameworks/Apple80211.framework/Versions/A/Apple80211
0x00000001b3dd1000 	/System/Library/PrivateFrameworks/AuthKit.framework/Versions/A/AuthKit
0x00000001b3452000 	/System/Library/PrivateFrameworks/CoreUtils.framework/Versions/A/CoreUtils
0x00000001b3375000 	/System/Library/Frameworks/CoreWLAN.framework/Versions/A/CoreWLAN
0x00000001b8275000 	/System/Library/Frameworks/IOBluetooth.framework/Versions/A/IOBluetooth
0x00000001bd5af000 	/System/Library/PrivateFrameworks/CoreWiFi.framework/Versions/A/CoreWiFi
0x00000001bbefa000 	/System/Library/PrivateFrameworks/FrontBoardServices.framework/Versions/A/FrontBoardServices
0x00000001bbf92000 	/System/Library/PrivateFrameworks/BoardServices.framework/Versions/A/BoardServices
0x00000001b366c000 	/System/Library/PrivateFrameworks/AssertionServices.framework/Versions/A/AssertionServices
0x00000001bd72c000 	/System/Library/PrivateFrameworks/BackBoardServices.framework/Versions/A/BackBoardServices
0x00000001b765b000 	/System/Library/PrivateFrameworks/CorePhoneNumbers.framework/Versions/A/CorePhoneNumbers
0x00000001bb4e2000 	/System/Library/PrivateFrameworks/DiskManagement.framework/Versions/A/DiskManagement
0x00000001bb3e5000 	/System/Library/PrivateFrameworks/AppleIDAuthSupport.framework/Versions/A/AppleIDAuthSupport
0x000000020f3a6000 	/System/Library/PrivateFrameworks/AAAFoundation.framework/Versions/A/AAAFoundation
0x00000001b763a000 	/System/Library/PrivateFrameworks/KeychainCircle.framework/Versions/A/KeychainCircle
0x00000001bb4ae000 	/System/Library/PrivateFrameworks/MediaKit.framework/Versions/A/MediaKit
0x00000001bb3f2000 	/System/Library/Frameworks/DiscRecording.framework/Versions/A/DiscRecording
0x00000001b4c46000 	/usr/lib/libCoreStorage.dylib
0x00000001bda29000 	/usr/lib/libcsfde.dylib
0x00000001b834a000 	/System/Library/PrivateFrameworks/ProtectedCloudStorage.framework/Versions/A/ProtectedCloudStorage
0x00000001bda21000 	/System/Library/PrivateFrameworks/EFILogin.framework/Versions/A/EFILogin
0x00000001bb7c1000 	/System/Library/PrivateFrameworks/OctagonTrust.framework/Versions/A/OctagonTrust
0x0000000213f77000 	/System/Library/PrivateFrameworks/CoreUtilsExtras.framework/Versions/A/CoreUtilsExtras
0x00000001bb317000 	/System/Library/Frameworks/CoreBluetooth.framework/Versions/A/CoreBluetooth
0x00000001be0b4000 	/System/Library/Frameworks/AudioUnit.framework/Versions/A/AudioUnit
0x00000001b4c3e000 	/usr/lib/libMatch.1.dylib
0x00000001d0588000 	/System/Library/CoreServices/RawCamera.bundle/Contents/MacOS/RawCamera
0x00000001b75d5000 	/System/Library/PrivateFrameworks/MobileAsset.framework/Versions/A/MobileAsset
0x00000001be0e2000 	/System/Library/PrivateFrameworks/StreamingZip.framework/Versions/A/StreamingZip
0x0000000211062000 	/System/Library/PrivateFrameworks/CMPhoto.framework/Versions/A/CMPhoto
0x00000001b5ed6000 	/System/Library/Frameworks/MediaToolbox.framework/Versions/A/MediaToolbox
0x00000001bb5e2000 	/System/Library/PrivateFrameworks/CoreAVCHD.framework/Versions/A/CoreAVCHD
0x00000001ba7f2000 	/System/Library/Frameworks/MediaAccessibility.framework/Versions/A/MediaAccessibility
0x00000001bb5de000 	/System/Library/PrivateFrameworks/Mangrove.framework/Versions/A/Mangrove
0x00000001ba7ff000 	/System/Library/PrivateFrameworks/AlgosScoreFramework.framework/Versions/A/AlgosScoreFramework
0x00000001bb5d2000 	/System/Library/PrivateFrameworks/CoreAUC.framework/Versions/A/CoreAUC
0x00000001cdd72000 	/System/Library/Frameworks/Accelerate.framework/Versions/A/Frameworks/vImage.framework/Versions/A/Libraries/libCGInterfaces.dylib
0x000000011fb54000 	/usr/lib/libobjc-trampolines.dylib
0x00000001b0940000 	/System/Library/PrivateFrameworks/ViewBridge.framework/Versions/A/ViewBridge
0x00000002284bd000 	/usr/lib/libRosetta.dylib
0x000000020ac1e000 	/System/Library/Frameworks/OpenGL.framework/Versions/A/Resources/GLEngine.bundle/GLEngine
0x000000020aaa6000 	/System/Library/Frameworks/OpenGL.framework/Versions/A/Libraries/libGLProgrammability.dylib
0x000000012e0f0000 	/System/Library/Extensions/AppleMetalOpenGLRenderer.bundle/Contents/MacOS/AppleMetalOpenGLRenderer
0x000000020ad8d000 	/System/Library/Frameworks/OpenGL.framework/Versions/A/Resources/GLRendererFloat.bundle/GLRendererFloat
0x000000020ae8d000 	/System/Library/Extensions/AGXMetal13_3.bundle/Contents/MacOS/AGXMetal13_3
0x00000001c98c6000 	/System/Library/PrivateFrameworks/GPURawCounter.framework/Versions/A/GPURawCounter
0x00000001c3fd0000 	/System/Library/PrivateFrameworks/IOGPU.framework/Versions/A/IOGPU
0x00000001b53a2000 	/System/Library/PrivateFrameworks/login.framework/Versions/A/login
0x000000012e0b8000 	/Volumes/Eclipse/Eclipse.app/Contents/Eclipse/plugins/org.eclipse.justj.openjdk.hotspot.jre.full.macosx.aarch64_17.0.10.v20240120-1143/jre/lib/libosxui.dylib
0x00000001eed19000 	/System/Library/CoreServices/Encodings/libSimplifiedChineseConverter.dylib


VM Arguments:
jvm_args: -Dfile.encoding=UTF-8 -Dstdout.encoding=UTF-8 -Dstderr.encoding=UTF-8 -XX:+ShowCodeDetailsInExceptionMessages 
java_command: Calendar.CalendarApp
java_class_path (initial): /Users/saumon/Desktop/suamon/JAVA_STUDY/Mini_Project/bin:/Users/saumon/Desktop/suamon/JavaDev/JTattoo-1.6.13.jar
Launcher Type: SUN_STANDARD

[Global flags]
     intx CICompilerCount                          = 4                                         {product} {ergonomic}
     uint ConcGCThreads                            = 2                                         {product} {ergonomic}
     uint G1ConcRefinementThreads                  = 8                                         {product} {ergonomic}
   size_t G1HeapRegionSize                         = 1048576                                   {product} {ergonomic}
    uintx GCDrainStackTargetSize                   = 64                                        {product} {ergonomic}
   size_t InitialHeapSize                          = 134217728                                 {product} {ergonomic}
   size_t MarkStackSize                            = 4194304                                   {product} {ergonomic}
   size_t MaxHeapSize                              = 2147483648                                {product} {ergonomic}
   size_t MaxNewSize                               = 1287651328                                {product} {ergonomic}
   size_t MinHeapDeltaBytes                        = 1048576                                   {product} {ergonomic}
   size_t MinHeapSize                              = 8388608                                   {product} {ergonomic}
    uintx NonNMethodCodeHeapSize                   = 5839564                                {pd product} {ergonomic}
    uintx NonProfiledCodeHeapSize                  = 122909338                              {pd product} {ergonomic}
    uintx ProfiledCodeHeapSize                     = 122909338                              {pd product} {ergonomic}
    uintx ReservedCodeCacheSize                    = 251658240                              {pd product} {ergonomic}
     bool SegmentedCodeCache                       = true                                      {product} {ergonomic}
     bool ShowCodeDetailsInExceptionMessages       = true                                   {manageable} {command line}
   size_t SoftMaxHeapSize                          = 2147483648                             {manageable} {ergonomic}
     bool UseCompressedClassPointers               = true                           {product lp64_product} {ergonomic}
     bool UseCompressedOops                        = true                           {product lp64_product} {ergonomic}
     bool UseG1GC                                  = true                                      {product} {ergonomic}
     bool UseNUMA                                  = false                                     {product} {ergonomic}
     bool UseNUMAInterleaving                      = false                                     {product} {ergonomic}

Logging:
Log output configuration:
 #0: stdout all=warning uptime,level,tags
 #1: stderr all=off uptime,level,tags

Environment Variables:
PATH=/usr/bin:/bin:/usr/sbin:/sbin
SHELL=/bin/zsh
TMPDIR=/var/folders/j4/t7th9x5d5kqftr9dlbs0f8ch0000gn/T/

Active Locale:
LC_ALL=C
LC_COLLATE=C
LC_CTYPE=C
LC_MESSAGES=C
LC_MONETARY=C
LC_NUMERIC=C
LC_TIME=C

Signal Handlers:
   SIGSEGV: _ZL13crash_handleriP9__siginfoPv in libjvm.dylib, mask=11100110000111110111111111111111, flags=SA_RESTART|SA_SIGINFO, unblocked
    SIGBUS: _ZL13crash_handleriP9__siginfoPv in libjvm.dylib, mask=11100110000111110111111111111111, flags=SA_RESTART|SA_SIGINFO, unblocked
    SIGFPE: _ZL13crash_handleriP9__siginfoPv in libjvm.dylib, mask=11100110000111110111111111111111, flags=SA_RESTART|SA_SIGINFO, unblocked
   SIGPIPE: _ZL17javaSignalHandleriP9__siginfoPv in libjvm.dylib, mask=11100110000111110111111111111111, flags=SA_RESTART|SA_SIGINFO, blocked
   SIGXFSZ: _ZL17javaSignalHandleriP9__siginfoPv in libjvm.dylib, mask=11100110000111110111111111111111, flags=SA_RESTART|SA_SIGINFO, blocked
    SIGILL: _ZL13crash_handleriP9__siginfoPv in libjvm.dylib, mask=11100110000111110111111111111111, flags=SA_RESTART|SA_SIGINFO, unblocked
   SIGUSR2: _ZL10SR_handleriP9__siginfoP17__darwin_ucontext in libjvm.dylib, mask=00100000000000000000000000000000, flags=SA_RESTART|SA_SIGINFO, blocked
    SIGHUP: _ZL11UserHandleriPvS_ in libjvm.dylib, mask=11100110000111110111111111111111, flags=SA_RESTART|SA_SIGINFO, blocked
    SIGINT: _ZL11UserHandleriPvS_ in libjvm.dylib, mask=11100110000111110111111111111111, flags=SA_RESTART|SA_SIGINFO, blocked
   SIGTERM: _ZL11UserHandleriPvS_ in libjvm.dylib, mask=11100110000111110111111111111111, flags=SA_RESTART|SA_SIGINFO, blocked
   SIGQUIT: _ZL11UserHandleriPvS_ in libjvm.dylib, mask=11100110000111110111111111111111, flags=SA_RESTART|SA_SIGINFO, blocked
   SIGTRAP: _ZL13crash_handleriP9__siginfoPv in libjvm.dylib, mask=11100110000111110111111111111111, flags=SA_RESTART|SA_SIGINFO, unblocked


Periodic native trim disabled


---------------  S Y S T E M  ---------------

OS:
uname: Darwin 21.4.0 Darwin Kernel Version 21.4.0: Fri Mar 18 00:47:26 PDT 2022; root:xnu-8020.101.4~15/RELEASE_ARM64_T8101 arm64
OS uptime: 31 days 13:18 hours
rlimit (soft/hard): STACK 8176k/65520k , CORE 0k/infinity , NPROC 1333/2000 , NOFILE 10240/infinity , AS infinity/infinity , CPU infinity/infinity , DATA infinity/infinity , FSIZE infinity/infinity , MEMLOCK infinity/infinity , RSS infinity/infinity
load average: 2.00 1.72 1.52

CPU: total 8 (initial active 8) 0x61:0x0:0x1b588bb3:0, fp, simd, crc, lse
machdep.cpu.brand_string:Apple M1
hw.cachelinesize:128
hw.l1icachesize:131072
hw.l1dcachesize:65536
hw.l2cachesize:4194304

Memory: 16k page, physical 8388608k(275888k free), swap 1048576k(866560k free)

vm_info: OpenJDK 64-Bit Server VM (17.0.10+7) for bsd-aarch64 JRE (17.0.10+7), built on Jan 16 2024 00:00:00 by "admin" with clang Apple LLVM 15.0.0 (clang-1500.0.40.1)

END.
